#
# A fatal error has been detected by the Java Runtime Environment:
#
#  EXCEPTION_ACCESS_VIOLATION (0xc0000005) at pc=0x0000000074be8d85, pid=472, tid=9348
#
# JRE version: Java(TM) SE Runtime Environment (8.0_77-b03) (build 1.8.0_77-b03)
# Java VM: Java HotSpot(TM) 64-Bit Server VM (25.77-b03 mixed mode windows-amd64 compressed oops)
# Problematic frame:
# V  [jvm.dll+0x128d85]
#
# Failed to write core dump. Minidumps are not enabled by default on client versions of Windows
#
# If you would like to submit a bug report, please visit:
#   http://bugreport.java.com/bugreport/crash.jsp
#

---------------  T H R E A D  ---------------

Current thread (0x0000000016acb800):  JavaThread "JDWP Transport Listener: dt_socket" daemon [_thread_in_vm, id=9348, stack(0x0000000017030000,0x0000000017130000)]

siginfo: ExceptionCode=0xc0000005, reading address 0xffffffffffffffff

Registers:
RAX=0x000000001712f601, RBX=0x0000000016acb800, RCX=0x5202000000000000, RDX=0x0000000000000000
RSP=0x000000001712f6a0, RBP=0x5202000000000000, RSI=0x000000001712f7b8, RDI=0x0000000002dfa3e0
R8 =0x0000000016acb800, R9 =0x0000000000008000, R10=0x0000000000000000, R11=0x000000001bbdf18f
R12=0x0000000000000000, R13=0x0000000016adce28, R14=0x0000000000000000, R15=0x0000000000000000
RIP=0x0000000074be8d85, EFLAGS=0x0000000000010206

Top of Stack: (sp=0x000000001712f6a0)
0x000000001712f6a0:   0000000016acb800 00000000203de4c0
0x000000001712f6b0:   000000001712f768 0000000074dee33b
0x000000001712f6c0:   0000000016acb800 0000000074e0ab9d
0x000000001712f6d0:   0000000000000000 0000000074a99155
0x000000001712f6e0:   000000003051b828 0000000074aa291e
0x000000001712f6f0:   0000000016acb800 0000000000000000
0x000000001712f700:   0000000000000000 0000000000000000
0x000000001712f710:   5202000000000000 0000000074aa1a15
0x000000001712f720:   000000001712f7b8 000000001712f790
0x000000001712f730:   0000000000000001 000000003051b828
0x000000001712f740:   5202000000000000 0000000074a853b3
0x000000001712f750:   000000001712f880 0000000000000001
0x000000001712f760:   0000000000000001 000000003051b828
0x000000001712f770:   00000000f0001009 0000000000000000
0x000000001712f780:   0000000000000000 0000000000000000
0x000000001712f790:   0000000000000001 0000000074a85571 

Instructions: (pc=0x0000000074be8d85)
0x0000000074be8d65:   cc cc cc cc cc cc cc cc cc cc cc 48 83 ec 28 48
0x0000000074be8d75:   85 c9 75 07 33 c0 48 83 c4 28 c3 48 89 5c 24 20
0x0000000074be8d85:   48 8b 19 48 85 db 74 20 48 83 fb 37 74 1a 48 8b
0x0000000074be8d95:   13 48 8b cb ff 52 10 84 c0 74 0d 48 8b c3 48 8b 


Register to memory mapping:

RAX=0x000000001712f601 is pointing into the stack for thread: 0x0000000016acb800
RBX=0x0000000016acb800 is a thread
RCX=0x5202000000000000 is an unknown value
RDX=0x0000000000000000 is an unknown value
RSP=0x000000001712f6a0 is pointing into the stack for thread: 0x0000000016acb800
RBP=0x5202000000000000 is an unknown value
RSI=0x000000001712f7b8 is pointing into the stack for thread: 0x0000000016acb800
RDI=0x0000000002dfa3e0 is an unknown value
R8 =0x0000000016acb800 is a thread
R9 =0x0000000000008000 is an unknown value
R10=0x0000000000000000 is an unknown value
R11=0x000000001bbdf18f is an unknown value
R12=0x0000000000000000 is an unknown value
R13=0x0000000016adce28 is an unknown value
R14=0x0000000000000000 is an unknown value
R15=0x0000000000000000 is an unknown value


Stack: [0x0000000017030000,0x0000000017130000],  sp=0x000000001712f6a0,  free space=1021k
Native frames: (J=compiled Java code, j=interpreted, Vv=VM code, C=native code)
V  [jvm.dll+0x128d85]
V  [jvm.dll+0x34ab9d]
C  [jdwp.dll+0x21a15]
C  [jdwp.dll+0x53b3]
C  [jdwp.dll+0x5571]
C  [jdwp.dll+0xf0a8]
C  [jdwp.dll+0x1f2d5]
C  [jdwp.dll+0x1f41e]
V  [jvm.dll+0x1bba58]
V  [jvm.dll+0x243434]
V  [jvm.dll+0x29a27a]
C  [msvcr100.dll+0x21d9f]
C  [msvcr100.dll+0x21e3b]
C  [KERNEL32.DLL+0x8364]
C  [ntdll.dll+0x670d1]


---------------  P R O C E S S  ---------------

Java Threads: ( => current thread )
  0x000000002da5f000 JavaThread "qtp1641880637-292" [_thread_in_native, id=9880, stack(0x0000000040940000,0x0000000040a40000)]
  0x0000000019725800 JavaThread "elasticsearch[Amber Hunt][generic][T#4]" daemon [_thread_blocked, id=7620, stack(0x0000000040840000,0x0000000040940000)]
  0x0000000019729000 JavaThread "qtp1641880637-290" [_thread_blocked, id=1876, stack(0x0000000040420000,0x0000000040520000)]
  0x000000001971d000 JavaThread "qtp1641880637-254" [_thread_in_native, id=4496, stack(0x0000000040220000,0x0000000040320000)]
  0x000000001ef57800 JavaThread "JDWP Command Reader" daemon [_thread_in_native, id=1712, stack(0x0000000040020000,0x0000000040120000)]
  0x000000001ef5b800 JavaThread "qtp1641880637-200" [_thread_blocked, id=11008, stack(0x000000003ff20000,0x0000000040020000)]
  0x000000001ef4d000 JavaThread "qtp1641880637-199" [_thread_blocked, id=10888, stack(0x000000003fe20000,0x000000003ff20000)]
  0x000000001ef54000 JavaThread "pool-4-thread-10" [_thread_blocked, id=11532, stack(0x000000003f520000,0x000000003f620000)]
  0x000000001ef53000 JavaThread "pool-4-thread-9" [_thread_blocked, id=1476, stack(0x000000003f420000,0x000000003f520000)]
  0x000000001ef4c800 JavaThread "pool-4-thread-8" [_thread_blocked, id=1160, stack(0x000000003f320000,0x000000003f420000)]
  0x000000001ef51800 JavaThread "pool-4-thread-7" [_thread_blocked, id=10564, stack(0x000000003f220000,0x000000003f320000)]
  0x000000001ef52800 JavaThread "pool-4-thread-6" [_thread_blocked, id=13888, stack(0x000000003f120000,0x000000003f220000)]
  0x000000001ef4f800 JavaThread "pool-4-thread-5" [_thread_blocked, id=4684, stack(0x000000003f020000,0x000000003f120000)]
  0x000000001ef4e800 JavaThread "pool-4-thread-4" [_thread_blocked, id=13028, stack(0x000000003ef20000,0x000000003f020000)]
  0x000000001ef51000 JavaThread "pool-4-thread-3" [_thread_blocked, id=13152, stack(0x000000003ee20000,0x000000003ef20000)]
  0x0000000021670000 JavaThread "pool-4-thread-2" [_thread_blocked, id=11824, stack(0x000000003ed20000,0x000000003ee20000)]
  0x000000002da5b000 JavaThread "pool-4-thread-1" [_thread_blocked, id=10056, stack(0x000000003ec20000,0x000000003ed20000)]
  0x000000002da5f800 JavaThread "qtp1641880637-118" [_thread_blocked, id=7372, stack(0x000000003e520000,0x000000003e620000)]
  0x000000002da5e000 JavaThread "Console scanner" daemon [_thread_blocked, id=11968, stack(0x000000003e320000,0x000000003e420000)]
  0x000000002da59000 JavaThread "elasticsearch[Amber Hunt][transport_client_timer][T#1]{Hashed wheel timer #1}" daemon [_thread_blocked, id=1252, stack(0x000000003d520000,0x000000003d620000)]
  0x000000002da55000 JavaThread "elasticsearch[Amber Hunt][transport_client_boss][T#1]{New I/O boss #9}" daemon [_thread_in_native, id=7932, stack(0x000000003d420000,0x000000003d520000)]
  0x000000002da57800 JavaThread "elasticsearch[Amber Hunt][transport_client_worker][T#8]{New I/O worker #8}" daemon [_thread_in_native, id=12828, stack(0x000000003d320000,0x000000003d420000)]
  0x000000002da52000 JavaThread "elasticsearch[Amber Hunt][transport_client_worker][T#7]{New I/O worker #7}" daemon [_thread_in_native, id=13076, stack(0x000000003d220000,0x000000003d320000)]
  0x000000002da56000 JavaThread "elasticsearch[Amber Hunt][transport_client_worker][T#6]{New I/O worker #6}" daemon [_thread_in_native, id=3336, stack(0x000000003d120000,0x000000003d220000)]
  0x000000002166c800 JavaThread "elasticsearch[Amber Hunt][transport_client_worker][T#5]{New I/O worker #5}" daemon [_thread_in_native, id=12612, stack(0x000000003d020000,0x000000003d120000)]
  0x000000002166f800 JavaThread "elasticsearch[Amber Hunt][transport_client_worker][T#4]{New I/O worker #4}" daemon [_thread_in_native, id=312, stack(0x000000003cf20000,0x000000003d020000)]
  0x0000000021673000 JavaThread "elasticsearch[Amber Hunt][transport_client_worker][T#3]{New I/O worker #3}" daemon [_thread_in_native, id=7464, stack(0x000000003ce20000,0x000000003cf20000)]
  0x000000002166e800 JavaThread "elasticsearch[Amber Hunt][transport_client_worker][T#2]{New I/O worker #2}" daemon [_thread_in_native, id=12776, stack(0x000000003cd20000,0x000000003ce20000)]
  0x0000000021672800 JavaThread "elasticsearch[Amber Hunt][transport_client_worker][T#1]{New I/O worker #1}" daemon [_thread_in_native, id=796, stack(0x000000003cc20000,0x000000003cd20000)]
  0x0000000021671000 JavaThread "elasticsearch[Amber Hunt][scheduler][T#1]" daemon [_thread_blocked, id=11936, stack(0x000000003c920000,0x000000003ca20000)]
  0x000000002166e000 JavaThread "elasticsearch[Amber Hunt][[timer]]" daemon [_thread_blocked, id=6660, stack(0x000000003c170000,0x000000003c270000)]
  0x000000002166d000 JavaThread "Timer-4" daemon [_thread_blocked, id=8832, stack(0x000000003bd70000,0x000000003be70000)]
  0x0000000019724800 JavaThread "Timer-3" daemon [_thread_blocked, id=12584, stack(0x000000003ba70000,0x000000003bb70000)]
  0x000000001971b800 JavaThread "org.springframework.scheduling.quartz.SchedulerFactoryBean#0_QuartzSchedulerThread" [_thread_blocked, id=10264, stack(0x000000003b970000,0x000000003ba70000)]
  0x000000002303e800 JavaThread "org.springframework.scheduling.quartz.SchedulerFactoryBean#0_Worker-10" [_thread_blocked, id=4500, stack(0x000000003b870000,0x000000003b970000)]
  0x000000002303e000 JavaThread "org.springframework.scheduling.quartz.SchedulerFactoryBean#0_Worker-9" [_thread_blocked, id=3692, stack(0x000000003b770000,0x000000003b870000)]
  0x0000000023042800 JavaThread "org.springframework.scheduling.quartz.SchedulerFactoryBean#0_Worker-8" [_thread_blocked, id=6252, stack(0x000000003b670000,0x000000003b770000)]
  0x0000000023041800 JavaThread "org.springframework.scheduling.quartz.SchedulerFactoryBean#0_Worker-7" [_thread_blocked, id=6464, stack(0x000000003b570000,0x000000003b670000)]
  0x0000000023040000 JavaThread "org.springframework.scheduling.quartz.SchedulerFactoryBean#0_Worker-6" [_thread_blocked, id=11692, stack(0x000000003b470000,0x000000003b570000)]
  0x0000000023041000 JavaThread "org.springframework.scheduling.quartz.SchedulerFactoryBean#0_Worker-5" [_thread_blocked, id=1456, stack(0x000000003b370000,0x000000003b470000)]
  0x000000002303f800 JavaThread "org.springframework.scheduling.quartz.SchedulerFactoryBean#0_Worker-4" [_thread_blocked, id=9008, stack(0x000000003b270000,0x000000003b370000)]
  0x000000002303d000 JavaThread "org.springframework.scheduling.quartz.SchedulerFactoryBean#0_Worker-3" [_thread_blocked, id=11892, stack(0x000000003b170000,0x000000003b270000)]
  0x0000000023035800 JavaThread "org.springframework.scheduling.quartz.SchedulerFactoryBean#0_Worker-2" [_thread_blocked, id=9480, stack(0x000000003b070000,0x000000003b170000)]
  0x000000002303c800 JavaThread "org.springframework.scheduling.quartz.SchedulerFactoryBean#0_Worker-1" [_thread_blocked, id=4512, stack(0x000000003af70000,0x000000003b070000)]
  0x000000002303b800 JavaThread "MultiThreadedHttpConnectionManager cleanup" daemon [_thread_blocked, id=10396, stack(0x000000003a670000,0x000000003a770000)]
  0x0000000023034000 JavaThread "Metadata-reload" daemon [_thread_blocked, id=2712, stack(0x000000003a570000,0x000000003a670000)]
  0x0000000023036000 JavaThread "Timer-2" daemon [_thread_blocked, id=11696, stack(0x000000003a470000,0x000000003a570000)]
  0x000000002303b000 JavaThread "Timer-1" daemon [_thread_blocked, id=4680, stack(0x000000003a370000,0x000000003a470000)]
  0x0000000023039000 JavaThread "Timer-0" daemon [_thread_blocked, id=6528, stack(0x000000003a270000,0x000000003a370000)]
  0x0000000023037800 JavaThread "org.hibernate.cache.internal.StandardQueryCache.data" daemon [_thread_blocked, id=7684, stack(0x00000000392b0000,0x00000000393b0000)]
  0x00000000191f9000 JavaThread "org.hibernate.cache.spi.UpdateTimestampsCache.data" daemon [_thread_blocked, id=7912, stack(0x00000000391b0000,0x00000000392b0000)]
  0x00000000191fc000 JavaThread "net.sf.ehcache.CacheManager@316b57e0" daemon [_thread_blocked, id=12100, stack(0x00000000390b0000,0x00000000391b0000)]
  0x0000000019727000 JavaThread "Tomcat JDBC Pool Cleaner[804982032:1493816068029]" daemon [_thread_blocked, id=2672, stack(0x0000000038780000,0x0000000038880000)]
  0x0000000019727800 JavaThread "JR-spring-cleaner" daemon [_thread_blocked, id=3844, stack(0x0000000036640000,0x0000000036740000)]
  0x0000000019724000 JavaThread "org.eclipse.jetty.server.session.HashSessionManager@27c827ecTimer" daemon [_thread_blocked, id=7904, stack(0x000000002b2c0000,0x000000002b3c0000)]
  0x000000001972a000 JavaThread "rebel/pool-1-thread-1" daemon [_thread_blocked, id=8688, stack(0x0000000026c90000,0x0000000026d90000)]
  0x0000000019723000 JavaThread "qtp1641880637-57" [_thread_blocked, id=1444, stack(0x0000000022070000,0x0000000022170000)]
  0x000000001971b000 JavaThread "qtp1641880637-54-acceptor-0@194fa255-ServerConnector@28a1f17e{HTTP/1.1,[http/1.1]}{0.0.0.0:8080}" [_thread_in_native, id=1012, stack(0x0000000020cf0000,0x0000000020df0000)]
  0x0000000019721000 JavaThread "rebel-weak-reaper" daemon [_thread_blocked, id=2660, stack(0x000000001be10000,0x000000001bf10000)]
  0x0000000019720000 JavaThread "rebel-change-detector-thread" daemon [_thread_in_native, id=14012, stack(0x000000001a840000,0x000000001a940000)]
  0x00000000191fd800 JavaThread "rebel-debugger-thread" daemon [_thread_blocked, id=12352, stack(0x000000001a740000,0x000000001a840000)]
  0x00000000191fc800 JavaThread "rebel-heartbeat-thread" daemon [_thread_blocked, id=10320, stack(0x000000001a640000,0x000000001a740000)]
  0x00000000191fb000 JavaThread "rebel-redeploy-thread" daemon [_thread_blocked, id=6340, stack(0x000000001a440000,0x000000001a540000)]
  0x00000000191fa800 JavaThread "rebel-messaging-executor-32" daemon [_thread_blocked, id=3228, stack(0x000000001a240000,0x000000001a340000)]
  0x00000000191f8000 JavaThread "rebel-cache-writer" daemon [_thread_blocked, id=5092, stack(0x000000001a140000,0x000000001a240000)]
  0x00000000191f9800 JavaThread "rebel-fsnotify-ShutdownOnTermination" daemon [_thread_in_native, id=200, stack(0x000000001a040000,0x000000001a140000)]
  0x00000000191ff000 JavaThread "rebel-fsnotify-OutputReader" daemon [_thread_blocked, id=10828, stack(0x0000000019f40000,0x000000001a040000)]
  0x00000000191fe000 JavaThread "rebel-fsnotify-OutputReader" daemon [_thread_blocked, id=13756, stack(0x0000000019e40000,0x0000000019f40000)]
  0x0000000017c41800 JavaThread "rebel-CacheKeepAlive" daemon [_thread_blocked, id=2680, stack(0x0000000018770000,0x0000000018870000)]
  0x0000000016c49000 JavaThread "rebel-logger" daemon [_thread_blocked, id=7152, stack(0x0000000017730000,0x0000000017830000)]
  0x0000000016b4b800 JavaThread "Service Thread" daemon [_thread_blocked, id=2924, stack(0x0000000017530000,0x0000000017630000)]
  0x0000000016af0800 JavaThread "C1 CompilerThread2" daemon [_thread_blocked, id=4208, stack(0x0000000017430000,0x0000000017530000)]
  0x0000000016aef000 JavaThread "C2 CompilerThread1" daemon [_thread_blocked, id=10852, stack(0x0000000017330000,0x0000000017430000)]
  0x0000000016aee000 JavaThread "C2 CompilerThread0" daemon [_thread_blocked, id=4072, stack(0x0000000017230000,0x0000000017330000)]
  0x0000000016ae0800 JavaThread "JDWP Event Helper Thread" daemon [_thread_blocked, id=12608, stack(0x0000000017130000,0x0000000017230000)]
=>0x0000000016acb800 JavaThread "JDWP Transport Listener: dt_socket" daemon [_thread_in_vm, id=9348, stack(0x0000000017030000,0x0000000017130000)]
  0x0000000015609000 JavaThread "Attach Listener" daemon [_thread_blocked, id=3644, stack(0x0000000016f30000,0x0000000017030000)]
  0x0000000015608800 JavaThread "Signal Dispatcher" daemon [_thread_blocked, id=7800, stack(0x0000000016e30000,0x0000000016f30000)]
  0x00000000155e7000 JavaThread "Finalizer" daemon [_thread_blocked, id=6176, stack(0x0000000016840000,0x0000000016940000)]
  0x00000000155e3800 JavaThread "Reference Handler" daemon [_thread_blocked, id=12796, stack(0x0000000016740000,0x0000000016840000)]
  0x0000000002e02800 JavaThread "main" [_thread_blocked, id=13708, stack(0x0000000002ce0000,0x0000000002de0000)]

Other Threads:
  0x00000000155dc800 VMThread [stack: 0x0000000016640000,0x0000000016740000] [id=13036]
  0x0000000016bae000 WatcherThread [stack: 0x0000000017630000,0x0000000017730000] [id=12568]

VM state:not at safepoint (normal execution)

VM Mutex/Monitor currently owned by a thread: None

Heap:
 PSYoungGen      total 280064K, used 246714K [0x00000000eab00000, 0x00000000ff980000, 0x0000000100000000)
  eden space 221696K, 98% used [0x00000000eab00000,0x00000000f8137518,0x00000000f8380000)
  from space 58368K, 46% used [0x00000000f8380000,0x00000000f9e37370,0x00000000fbc80000)
  to   space 56320K, 0% used [0x00000000fc280000,0x00000000fc280000,0x00000000ff980000)
 ParOldGen       total 699392K, used 152154K [0x00000000c0000000, 0x00000000eab00000, 0x00000000eab00000)
  object space 699392K, 21% used [0x00000000c0000000,0x00000000c9496938,0x00000000eab00000)
 Metaspace       used 173155K, capacity 178416K, committed 178560K, reserved 1206272K
  class space    used 19709K, capacity 20756K, committed 20864K, reserved 1048576K

Card table byte_map: [0x00000000122c0000,0x00000000124d0000] byte_map_base: 0x0000000011cc0000

Marking Bits: (ParMarkBitMap*) 0x00000000752d0600
 Begin Bits: [0x0000000012a30000, 0x0000000013a30000)
 End Bits:   [0x0000000013a30000, 0x0000000014a30000)

Polling page: 0x0000000001320000

CodeCache: size=245760Kb used=81559Kb max_used=81571Kb free=164200Kb
 bounds [0x0000000002f00000, 0x0000000007f30000, 0x0000000011f00000]
 total_blobs=25545 nmethods=24696 adapters=766
 compilation: enabled

Compilation events (10 events):
Event: 1683.879 Thread 0x0000000016aee000 30791       4       com.zeroturnaround.javarebel.elv::a (83 bytes)
Event: 1683.880 Thread 0x0000000016aef000 30792       4       com.zeroturnaround.javarebel.fds::a (8 bytes)
Event: 1683.881 Thread 0x0000000016aef000 nmethod 30792 0x0000000007f15090 code [0x0000000007f151e0, 0x0000000007f15298]
Event: 1683.882 Thread 0x0000000016af0800 30793   !   3       com.zeroturnaround.javarebel.exs::c (404 bytes)
Event: 1683.883 Thread 0x0000000016aef000 30794       4       com.zeroturnaround.javarebel.exu::b (27 bytes)
Event: 1683.886 Thread 0x0000000016af0800 nmethod 30793 0x0000000007f1fa50 code [0x0000000007f1fea0, 0x0000000007f22eb8]
Event: 1683.895 Thread 0x0000000016aee000 nmethod 30791 0x0000000007f278d0 code [0x0000000007f27a80, 0x0000000007f28a88]
Event: 1683.896 Thread 0x0000000016aef000 nmethod 30794 0x0000000007f14010 code [0x0000000007f141c0, 0x0000000007f14a28]
Event: 1684.383 Thread 0x0000000016aee000 30795       4       java.util.concurrent.ConcurrentHashMap$EntryIterator::next (5 bytes)
Event: 1684.389 Thread 0x0000000016aee000 nmethod 30795 0x0000000007f25b90 code [0x0000000007f25ce0, 0x0000000007f26018]

GC Heap History (10 events):
Event: 449.859 GC heap before
{Heap before GC invocations=76 (full 5):
 PSYoungGen      total 276992K, used 219113K [0x00000000eab00000, 0x00000000fff00000, 0x0000000100000000)
  eden space 207872K, 100% used [0x00000000eab00000,0x00000000f7600000,0x00000000f7600000)
  from space 69120K, 16% used [0x00000000fbb80000,0x00000000fc67a438,0x00000000fff00000)
  to   space 70144K, 0% used [0x00000000f7600000,0x00000000f7600000,0x00000000fba80000)
 ParOldGen       total 699392K, used 152114K [0x00000000c0000000, 0x00000000eab00000, 0x00000000eab00000)
  object space 699392K, 21% used [0x00000000c0000000,0x00000000c948c938,0x00000000eab00000)
 Metaspace       used 168610K, capacity 172354K, committed 173056K, reserved 1202176K
  class space    used 19300K, capacity 20135K, committed 20224K, reserved 1048576K
Event: 449.906 GC heap after
Heap after GC invocations=76 (full 5):
 PSYoungGen      total 237568K, used 29601K [0x00000000eab00000, 0x00000000ff900000, 0x0000000100000000)
  eden space 207872K, 0% used [0x00000000eab00000,0x00000000eab00000,0x00000000f7600000)
  from space 29696K, 99% used [0x00000000f7600000,0x00000000f92e8600,0x00000000f9300000)
  to   space 66048K, 0% used [0x00000000fb880000,0x00000000fb880000,0x00000000ff900000)
 ParOldGen       total 699392K, used 152122K [0x00000000c0000000, 0x00000000eab00000, 0x00000000eab00000)
  object space 699392K, 21% used [0x00000000c0000000,0x00000000c948e938,0x00000000eab00000)
 Metaspace       used 168610K, capacity 172354K, committed 173056K, reserved 1202176K
  class space    used 19300K, capacity 20135K, committed 20224K, reserved 1048576K
}
Event: 720.948 GC heap before
{Heap before GC invocations=77 (full 5):
 PSYoungGen      total 237568K, used 237473K [0x00000000eab00000, 0x00000000ff900000, 0x0000000100000000)
  eden space 207872K, 100% used [0x00000000eab00000,0x00000000f7600000,0x00000000f7600000)
  from space 29696K, 99% used [0x00000000f7600000,0x00000000f92e8600,0x00000000f9300000)
  to   space 66048K, 0% used [0x00000000fb880000,0x00000000fb880000,0x00000000ff900000)
 ParOldGen       total 699392K, used 152122K [0x00000000c0000000, 0x00000000eab00000, 0x00000000eab00000)
  object space 699392K, 21% used [0x00000000c0000000,0x00000000c948e938,0x00000000eab00000)
 Metaspace       used 169134K, capacity 173078K, committed 173568K, reserved 1202176K
  class space    used 19327K, capacity 20181K, committed 20224K, reserved 1048576K
Event: 721.021 GC heap after
Heap after GC invocations=77 (full 5):
 PSYoungGen      total 278016K, used 34115K [0x00000000eab00000, 0x0000000100000000, 0x0000000100000000)
  eden space 211968K, 0% used [0x00000000eab00000,0x00000000eab00000,0x00000000f7a00000)
  from space 66048K, 51% used [0x00000000fb880000,0x00000000fd9d0d90,0x00000000ff900000)
  to   space 64000K, 0% used [0x00000000f7a00000,0x00000000f7a00000,0x00000000fb880000)
 ParOldGen       total 699392K, used 152130K [0x00000000c0000000, 0x00000000eab00000, 0x00000000eab00000)
  object space 699392K, 21% used [0x00000000c0000000,0x00000000c9490938,0x00000000eab00000)
 Metaspace       used 169134K, capacity 173078K, committed 173568K, reserved 1202176K
  class space    used 19327K, capacity 20181K, committed 20224K, reserved 1048576K
}
Event: 884.573 GC heap before
{Heap before GC invocations=78 (full 5):
 PSYoungGen      total 278016K, used 246083K [0x00000000eab00000, 0x0000000100000000, 0x0000000100000000)
  eden space 211968K, 100% used [0x00000000eab00000,0x00000000f7a00000,0x00000000f7a00000)
  from space 66048K, 51% used [0x00000000fb880000,0x00000000fd9d0d90,0x00000000ff900000)
  to   space 64000K, 0% used [0x00000000f7a00000,0x00000000f7a00000,0x00000000fb880000)
 ParOldGen       total 699392K, used 152130K [0x00000000c0000000, 0x00000000eab00000, 0x00000000eab00000)
  object space 699392K, 21% used [0x00000000c0000000,0x00000000c9490938,0x00000000eab00000)
 Metaspace       used 170169K, capacity 174234K, committed 174464K, reserved 1204224K
  class space    used 19416K, capacity 20279K, committed 20352K, reserved 1048576K
Event: 884.623 GC heap after
Heap after GC invocations=78 (full 5):
 PSYoungGen      total 275968K, used 27735K [0x00000000eab00000, 0x00000000ff800000, 0x0000000100000000)
  eden space 211968K, 0% used [0x00000000eab00000,0x00000000eab00000,0x00000000f7a00000)
  from space 64000K, 43% used [0x00000000f7a00000,0x00000000f9515e28,0x00000000fb880000)
  to   space 60928K, 0% used [0x00000000fbc80000,0x00000000fbc80000,0x00000000ff800000)
 ParOldGen       total 699392K, used 152138K [0x00000000c0000000, 0x00000000eab00000, 0x00000000eab00000)
  object space 699392K, 21% used [0x00000000c0000000,0x00000000c9492938,0x00000000eab00000)
 Metaspace       used 170169K, capacity 174234K, committed 174464K, reserved 1204224K
  class space    used 19416K, capacity 20279K, committed 20352K, reserved 1048576K
}
Event: 1066.557 GC heap before
{Heap before GC invocations=79 (full 5):
 PSYoungGen      total 275968K, used 239703K [0x00000000eab00000, 0x00000000ff800000, 0x0000000100000000)
  eden space 211968K, 100% used [0x00000000eab00000,0x00000000f7a00000,0x00000000f7a00000)
  from space 64000K, 43% used [0x00000000f7a00000,0x00000000f9515e28,0x00000000fb880000)
  to   space 60928K, 0% used [0x00000000fbc80000,0x00000000fbc80000,0x00000000ff800000)
 ParOldGen       total 699392K, used 152138K [0x00000000c0000000, 0x00000000eab00000, 0x00000000eab00000)
  object space 699392K, 21% used [0x00000000c0000000,0x00000000c9492938,0x00000000eab00000)
 Metaspace       used 171322K, capacity 175822K, committed 175872K, reserved 1204224K
  class space    used 19548K, capacity 20473K, committed 20480K, reserved 1048576K
Event: 1066.629 GC heap after
Heap after GC invocations=79 (full 5):
 PSYoungGen      total 280064K, used 31408K [0x00000000eab00000, 0x00000000ff580000, 0x0000000100000000)
  eden space 221696K, 0% used [0x00000000eab00000,0x00000000eab00000,0x00000000f8380000)
  from space 58368K, 53% used [0x00000000fbc80000,0x00000000fdb2c050,0x00000000ff580000)
  to   space 58368K, 0% used [0x00000000f8380000,0x00000000f8380000,0x00000000fbc80000)
 ParOldGen       total 699392K, used 152146K [0x00000000c0000000, 0x00000000eab00000, 0x00000000eab00000)
  object space 699392K, 21% used [0x00000000c0000000,0x00000000c9494938,0x00000000eab00000)
 Metaspace       used 171322K, capacity 175822K, committed 175872K, reserved 1204224K
  class space    used 19548K, capacity 20473K, committed 20480K, reserved 1048576K
}
Event: 1409.783 GC heap before
{Heap before GC invocations=80 (full 5):
 PSYoungGen      total 280064K, used 253104K [0x00000000eab00000, 0x00000000ff580000, 0x0000000100000000)
  eden space 221696K, 100% used [0x00000000eab00000,0x00000000f8380000,0x00000000f8380000)
  from space 58368K, 53% used [0x00000000fbc80000,0x00000000fdb2c050,0x00000000ff580000)
  to   space 58368K, 0% used [0x00000000f8380000,0x00000000f8380000,0x00000000fbc80000)
 ParOldGen       total 699392K, used 152146K [0x00000000c0000000, 0x00000000eab00000, 0x00000000eab00000)
  object space 699392K, 21% used [0x00000000c0000000,0x00000000c9494938,0x00000000eab00000)
 Metaspace       used 172695K, capacity 177978K, committed 178304K, reserved 1206272K
  class space    used 19702K, capacity 20747K, committed 20864K, reserved 1048576K
Event: 1409.866 GC heap after
Heap after GC invocations=80 (full 5):
 PSYoungGen      total 280064K, used 27356K [0x00000000eab00000, 0x00000000ff980000, 0x0000000100000000)
  eden space 221696K, 0% used [0x00000000eab00000,0x00000000eab00000,0x00000000f8380000)
  from space 58368K, 46% used [0x00000000f8380000,0x00000000f9e37370,0x00000000fbc80000)
  to   space 56320K, 0% used [0x00000000fc280000,0x00000000fc280000,0x00000000ff980000)
 ParOldGen       total 699392K, used 152154K [0x00000000c0000000, 0x00000000eab00000, 0x00000000eab00000)
  object space 699392K, 21% used [0x00000000c0000000,0x00000000c9496938,0x00000000eab00000)
 Metaspace       used 172695K, capacity 177978K, committed 178304K, reserved 1206272K
  class space    used 19702K, capacity 20747K, committed 20864K, reserved 1048576K
}

Deoptimization events (10 events):
Event: 1683.862 Thread 0x0000000016acb800 Uncommon trap: reason=class_check action=maybe_recompile pc=0x0000000006d60f4c method=com.zeroturnaround.javarebel.eon.a(Lcom/zeroturnaround/javarebel/enh;)Lcom/zeroturnaround/javarebel/eoo; @ 267
Event: 1683.862 Thread 0x0000000016acb800 Uncommon trap: reason=unstable_if action=reinterpret pc=0x000000000410b534 method=com.zeroturnaround.javarebel.fdf.a(Ljava/lang/String;Ljava/lang/String;Ljava/lang/String;)V @ 11
Event: 1683.864 Thread 0x0000000016acb800 Uncommon trap: reason=unstable_if action=reinterpret pc=0x0000000005992ca8 method=com.zeroturnaround.javarebel.fdn.<init>(Lcom/zeroturnaround/javarebel/fds;Lcom/zeroturnaround/javarebel/elx;Lcom/zeroturnaround/javarebel/euc;)V @ 170
Event: 1683.882 Thread 0x0000000016acb800 Uncommon trap: reason=unstable_if action=reinterpret pc=0x00000000066de3f4 method=com.zeroturnaround.javarebel.eme.<init>(ILjava/lang/String;ILjava/lang/String;Ljava/lang/String;Lcom/zeroturnaround/javarebel/elx;)V @ 49
Event: 1683.882 Thread 0x0000000016acb800 Uncommon trap: reason=unstable_if action=reinterpret pc=0x00000000063c4784 method=com.zeroturnaround.javarebel.eme.a_(I)V @ 26
Event: 1683.882 Thread 0x0000000016acb800 Uncommon trap: reason=unstable_if action=reinterpret pc=0x00000000063f87e4 method=com.zeroturnaround.javarebel.eme.a(Ljava/lang/String;)V @ 196
Event: 1683.882 Thread 0x0000000016acb800 Uncommon trap: reason=unstable_if action=reinterpret pc=0x0000000006327348 method=com.zeroturnaround.javarebel.eme.a(IILjava/lang/String;)V @ 1058
Event: 1683.883 Thread 0x0000000016acb800 Uncommon trap: reason=unstable_if action=reinterpret pc=0x000000000639c2bc method=com.zeroturnaround.javarebel.exs.c(Lcom/zeroturnaround/javarebel/exy;Lcom/zeroturnaround/javarebel/eor;)[Lcom/zeroturnaround/javarebel/eoq; @ 215
Event: 1683.886 Thread 0x0000000016acb800 Uncommon trap: reason=unstable_if action=reinterpret pc=0x000000000669d200 method=com.zeroturnaround.javarebel.eme.b(Ljava/lang/String;)V @ 9
Event: 1683.892 Thread 0x0000000016acb800 Uncommon trap: reason=unstable_if action=reinterpret pc=0x00000000064509a4 method=com.zeroturnaround.javarebel.ely.c(II)V @ 54

Internal exceptions (10 events):
Event: 1661.025 Thread 0x000000001ef5b800 Exception <a 'java/lang/ClassNotFoundException': components/util.pagination> (0x00000000f76ef0f8) thrown at [D:\re\workspace\8-2-build-windows-amd64-cygwin\jdk8u77\6540\hotspot\src\share\vm\prims\jni.cpp, line 735]
Event: 1661.027 Thread 0x000000001ef5b800 Exception <a 'sun/nio/fs/WindowsException'> (0x00000000f76f8a78) thrown at [D:\re\workspace\8-2-build-windows-amd64-cygwin\jdk8u77\6540\hotspot\src\share\vm\prims\jni.cpp, line 709]
Event: 1661.029 Thread 0x000000001ef5b800 Exception <a 'java/lang/ClassNotFoundException': components/dialogs.archiveResource> (0x00000000f770ef58) thrown at [D:\re\workspace\8-2-build-windows-amd64-cygwin\jdk8u77\6540\hotspot\src\share\vm\prims\jni.cpp, line 735]
Event: 1661.029 Thread 0x000000001ef5b800 Exception <a 'java/lang/ClassNotFoundException': components/dialogs.archiveResource> (0x00000000f770f978) thrown at [D:\re\workspace\8-2-build-windows-amd64-cygwin\jdk8u77\6540\hotspot\src\share\vm\prims\jni.cpp, line 735]
Event: 1661.030 Thread 0x000000001ef5b800 Exception <a 'sun/nio/fs/WindowsException'> (0x00000000f77138b0) thrown at [D:\re\workspace\8-2-build-windows-amd64-cygwin\jdk8u77\6540\hotspot\src\share\vm\prims\jni.cpp, line 709]
Event: 1661.034 Thread 0x000000001ef5b800 Exception <a 'sun/nio/fs/WindowsException'> (0x00000000f7743530) thrown at [D:\re\workspace\8-2-build-windows-amd64-cygwin\jdk8u77\6540\hotspot\src\share\vm\prims\jni.cpp, line 709]
Event: 1661.037 Thread 0x000000001ef5b800 Exception <a 'java/lang/ClassNotFoundException': components/dialogs.restoreResource> (0x00000000f77576d8) thrown at [D:\re\workspace\8-2-build-windows-amd64-cygwin\jdk8u77\6540\hotspot\src\share\vm\prims\jni.cpp, line 735]
Event: 1661.037 Thread 0x000000001ef5b800 Exception <a 'java/lang/ClassNotFoundException': components/dialogs.restoreResource> (0x00000000f77580f8) thrown at [D:\re\workspace\8-2-build-windows-amd64-cygwin\jdk8u77\6540\hotspot\src\share\vm\prims\jni.cpp, line 735]
Event: 1661.039 Thread 0x000000001ef5b800 Exception <a 'sun/nio/fs/WindowsException'> (0x00000000f7764438) thrown at [D:\re\workspace\8-2-build-windows-amd64-cygwin\jdk8u77\6540\hotspot\src\share\vm\prims\jni.cpp, line 709]
Event: 1683.883 Thread 0x0000000016acb800 Implicit null exception at 0x0000000006398f72 to 0x000000000639c291

Events (10 events):
Event: 1683.883 Thread 0x0000000016acb800 DEOPT PACKING pc=0x000000000639c2bc sp=0x000000001712d930
Event: 1683.883 Thread 0x0000000016acb800 DEOPT UNPACKING pc=0x0000000002f4582a sp=0x000000001712d978 mode 2
Event: 1683.886 Thread 0x0000000016acb800 Uncommon trap: trap_request=0xffffff65 fr.pc=0x000000000669d200
Event: 1683.886 Thread 0x0000000016acb800 DEOPT PACKING pc=0x000000000669d200 sp=0x000000001712d780
Event: 1683.887 Thread 0x0000000016acb800 DEOPT UNPACKING pc=0x0000000002f4582a sp=0x000000001712d780 mode 2
Event: 1683.892 Thread 0x0000000016acb800 Uncommon trap: trap_request=0xffffff65 fr.pc=0x00000000064509a4
Event: 1683.892 Thread 0x0000000016acb800 DEOPT PACKING pc=0x00000000064509a4 sp=0x000000001712d960
Event: 1683.892 Thread 0x0000000016acb800 DEOPT UNPACKING pc=0x0000000002f4582a sp=0x000000001712d910 mode 2
Event: 1683.963 Executing VM operation: RedefineClasses
Event: 1684.177 Executing VM operation: RedefineClasses done


Dynamic libraries:
0x00007ff626e40000 - 0x00007ff626e77000 	C:\Program Files\Java\jdk1.8.0_77\bin\java.exe
0x00007ff900ee0000 - 0x00007ff9010b1000 	C:\WINDOWS\SYSTEM32\ntdll.dll
0x00007ff8fffe0000 - 0x00007ff90008b000 	C:\WINDOWS\System32\KERNEL32.DLL
0x00007ff8dc980000 - 0x00007ff8dc9b3000 	C:\Program Files (x86)\AVG\Antivirus\x64\aswhooka.dll
0x00007ff8fd6c0000 - 0x00007ff8fd8dd000 	C:\WINDOWS\System32\KERNELBASE.dll
0x00007ff900860000 - 0x00007ff900902000 	C:\WINDOWS\System32\ADVAPI32.dll
0x00007ff900270000 - 0x00007ff90030e000 	C:\WINDOWS\System32\msvcrt.dll
0x00007ff9007a0000 - 0x00007ff9007f9000 	C:\WINDOWS\System32\sechost.dll
0x00007ff900d50000 - 0x00007ff900e71000 	C:\WINDOWS\System32\RPCRT4.dll
0x00007ff900100000 - 0x00007ff900265000 	C:\WINDOWS\System32\USER32.dll
0x00007ff8fe450000 - 0x00007ff8fe46e000 	C:\WINDOWS\System32\win32u.dll
0x00007ff900760000 - 0x00007ff900794000 	C:\WINDOWS\System32\GDI32.dll
0x00007ff8fd530000 - 0x00007ff8fd6b2000 	C:\WINDOWS\System32\gdi32full.dll
0x00007ff8f21e0000 - 0x00007ff8f245a000 	C:\WINDOWS\WinSxS\amd64_microsoft.windows.common-controls_6595b64144ccf1df_6.0.14393.953_none_42151e83c686086b\COMCTL32.dll
0x00007ff8ffd10000 - 0x00007ff8fffd8000 	C:\WINDOWS\System32\combase.dll
0x00007ff8fd430000 - 0x00007ff8fd525000 	C:\WINDOWS\System32\ucrtbase.dll
0x00007ff8fd990000 - 0x00007ff8fd9fa000 	C:\WINDOWS\System32\bcryptPrimitives.dll
0x00007ff8ffb40000 - 0x00007ff8ffb6e000 	C:\WINDOWS\System32\IMM32.DLL
0x00000000765b0000 - 0x0000000076682000 	C:\Program Files\Java\jdk1.8.0_77\jre\bin\msvcr100.dll
0x0000000074ac0000 - 0x0000000075350000 	C:\Program Files\Java\jdk1.8.0_77\jre\bin\server\jvm.dll
0x00007ff8fe610000 - 0x00007ff8fe618000 	C:\WINDOWS\System32\PSAPI.DLL
0x00007ff8f9a70000 - 0x00007ff8f9a79000 	C:\WINDOWS\SYSTEM32\WSOCK32.dll
0x00007ff900470000 - 0x00007ff9004da000 	C:\WINDOWS\System32\WS2_32.dll
0x00007ff8fbc90000 - 0x00007ff8fbcb3000 	C:\WINDOWS\SYSTEM32\WINMM.dll
0x00007ff8fb880000 - 0x00007ff8fb88a000 	C:\WINDOWS\SYSTEM32\VERSION.dll
0x00007ff8fbc30000 - 0x00007ff8fbc5b000 	C:\WINDOWS\SYSTEM32\WINMMBASE.dll
0x00007ff8fdab0000 - 0x00007ff8fdaf2000 	C:\WINDOWS\System32\cfgmgr32.dll
0x00000000765a0000 - 0x00000000765af000 	C:\Program Files\Java\jdk1.8.0_77\jre\bin\verify.dll
0x0000000076570000 - 0x0000000076599000 	C:\Program Files\Java\jdk1.8.0_77\jre\bin\java.dll
0x0000000074a80000 - 0x0000000074ab5000 	C:\Program Files\Java\jdk1.8.0_77\jre\bin\jdwp.dll
0x00007ff8e2ac0000 - 0x00007ff8e2af6000 	D:\Bojan\Documents\jrebel-7.0.6-nosetup\jrebel\lib\jrebel64.dll
0x00007ff8fe620000 - 0x00007ff8ffb28000 	C:\WINDOWS\System32\SHELL32.dll
0x00007ff8fdb00000 - 0x00007ff8fe1da000 	C:\WINDOWS\System32\windows.storage.dll
0x00007ff8fd380000 - 0x00007ff8fd3cc000 	C:\WINDOWS\System32\powrprof.dll
0x00007ff900e80000 - 0x00007ff900ed2000 	C:\WINDOWS\System32\shlwapi.dll
0x00007ff8fd340000 - 0x00007ff8fd34f000 	C:\WINDOWS\System32\kernel.appcore.dll
0x00007ff8fda00000 - 0x00007ff8fdaa9000 	C:\WINDOWS\System32\shcore.dll
0x00007ff8fd350000 - 0x00007ff8fd364000 	C:\WINDOWS\System32\profapi.dll
0x00007ff8fcb10000 - 0x00007ff8fcb1b000 	C:\WINDOWS\SYSTEM32\CRYPTBASE.DLL
0x0000000076560000 - 0x0000000076568000 	C:\Program Files\Java\jdk1.8.0_77\jre\bin\npt.dll
0x0000000074a60000 - 0x0000000074a76000 	C:\Program Files\Java\jdk1.8.0_77\jre\bin\zip.dll
0x0000000074a50000 - 0x0000000074a5d000 	C:\Program Files\Java\jdk1.8.0_77\jre\bin\management.dll
0x0000000074a40000 - 0x0000000074a49000 	C:\Program Files\Java\jdk1.8.0_77\jre\bin\dt_socket.dll
0x00007ff8fc970000 - 0x00007ff8fc9cc000 	C:\WINDOWS\system32\mswsock.dll
0x0000000074a20000 - 0x0000000074a3a000 	C:\Program Files\Java\jdk1.8.0_77\jre\bin\net.dll
0x0000000074a00000 - 0x0000000074a11000 	C:\Program Files\Java\jdk1.8.0_77\jre\bin\nio.dll
0x00007ff8e4630000 - 0x00007ff8e4646000 	C:\WINDOWS\system32\napinsp.dll
0x00007ff8e44f0000 - 0x00007ff8e450a000 	C:\WINDOWS\system32\pnrpnsp.dll
0x00007ff8fa850000 - 0x00007ff8fa868000 	C:\WINDOWS\system32\NLAapi.dll
0x00007ff8fc730000 - 0x00007ff8fc7d1000 	C:\WINDOWS\SYSTEM32\DNSAPI.dll
0x00007ff900910000 - 0x00007ff900918000 	C:\WINDOWS\System32\NSI.dll
0x00007ff8fc6f0000 - 0x00007ff8fc728000 	C:\WINDOWS\SYSTEM32\IPHLPAPI.DLL
0x00007ff8e55b0000 - 0x00007ff8e55be000 	C:\WINDOWS\System32\winrnr.dll
0x00007ff8e55c0000 - 0x00007ff8e55d5000 	C:\WINDOWS\System32\wshbth.dll
0x00007ff8ef210000 - 0x00007ff8ef21a000 	C:\Windows\System32\rasadhlp.dll
0x00007ff8f5680000 - 0x00007ff8f56ea000 	C:\WINDOWS\System32\fwpuclnt.dll
0x00007ff8fcf70000 - 0x00007ff8fcf9b000 	C:\WINDOWS\SYSTEM32\bcrypt.dll
0x00007ff8f5660000 - 0x00007ff8f5676000 	C:\WINDOWS\SYSTEM32\dhcpcsvc6.DLL
0x00007ff8f5640000 - 0x00007ff8f565a000 	C:\WINDOWS\SYSTEM32\dhcpcsvc.DLL
0x00000000749d0000 - 0x00000000749f4000 	C:\Program Files\Java\jdk1.8.0_77\jre\bin\sunec.dll
0x00000000749c0000 - 0x00000000749cb000 	C:\Program Files\Java\jdk1.8.0_77\jre\bin\sunmscapi.dll
0x00007ff8fe1e0000 - 0x00007ff8fe3a9000 	C:\WINDOWS\System32\CRYPT32.dll
0x00007ff8fd370000 - 0x00007ff8fd380000 	C:\WINDOWS\System32\MSASN1.dll
0x00007ff8fcf10000 - 0x00007ff8fcf20000 	C:\Users\Bojan\AppData\Local\Temp\jrebel-temp\ver-f7370da0\IdeaWin64.dll
0x00007ff8fcfa0000 - 0x00007ff8fcfb7000 	C:\WINDOWS\SYSTEM32\CRYPTSP.dll
0x00007ff8fc570000 - 0x00007ff8fc5a3000 	C:\WINDOWS\system32\rsaenh.dll
0x00007ff8fc7f0000 - 0x00007ff8fc80f000 	C:\WINDOWS\SYSTEM32\USERENV.dll
0x00007ff8fcd70000 - 0x00007ff8fcf02000 	C:\WINDOWS\SYSTEM32\dbghelp.dll

VM Arguments:
jvm_args: -Xmx1024m -Xms512m -Xdebug -Xnoagent -Djava.compiler=NONE -Xrunjdwp:transport=dt_socket,address=8081,server=y,suspend=n -agentpath:D:\Bojan\Documents\jrebel-7.0.6-nosetup\jrebel\lib\jrebel64.dll -Dclassworlds.conf=D:\apache-maven-3.3.9\bin\m2.conf -Dmaven.home=D:\apache-maven-3.3.9 -Dmaven.multiModuleProjectDirectory=D:\Bojan\Documents\ProSolo Workspace\prosolo-multimodule\prosolo-main 
java_command: org.codehaus.plexus.classworlds.launcher.Launcher jetty:run
java_class_path (initial): D:\apache-maven-3.3.9\boot\plexus-classworlds-2.5.2.jar
Launcher Type: SUN_STANDARD

Environment Variables:
JAVA_HOME=C:\Program Files\Java\jdk1.8.0_77
PATH=C:/Program Files/Java/jre1.8.0_77/bin/server;C:/Program Files/Java/jre1.8.0_77/bin;C:/Program Files/Java/jre1.8.0_77/lib/amd64;C:\ProgramData\Oracle\Java\javapath;C:\Program Files (x86)\Intel\iCLS Client\;C:\Program Files\Intel\iCLS Client\;C:\Windows\system32;C:\Windows;C:\Windows\System32\Wbem;C:\Windows\System32\WindowsPowerShell\v1.0\;C:\Program Files (x86)\NVIDIA Corporation\PhysX\Common;C:\Program Files (x86)\Intel\Intel(R) Management Engine Components\DAL;C:\Program Files\Intel\Intel(R) Management Engine Components\DAL;C:\Program Files (x86)\Intel\Intel(R) Management Engine Components\IPT;C:\Program Files\Intel\Intel(R) Management Engine Components\IPT;C:\Program Files (x86)\Skype\Phone\;D:\Program Files\nodejs\;D:\sqllite;C:\Ruby23-x64\bin;D:\Program Files\Git\cmd;C:\WINDOWS\system32;C:\WINDOWS;C:\WINDOWS\System32\Wbem;C:\WINDOWS\System32\WindowsPowerShell\v1.0\;D:\apache-maven-3.3.9\bin;D:\Program Files\TortoiseGit\bin;C:\Ruby23-x64\bin;C:\Users\Bojan\AppData\Roaming\npm;D:\Program Files\Git\bin;D:\Bojan\Desktop\Programs\eclipse neon;
USERNAME=Bojan
OS=Windows_NT
PROCESSOR_IDENTIFIER=Intel64 Family 6 Model 61 Stepping 4, GenuineIntel



---------------  S Y S T E M  ---------------

OS: Windows 10.0 , 64 bit Build 14393 (10.0.14393.0)

CPU:total 4 (2 cores per cpu, 2 threads per core) family 6 model 61 stepping 4, cmov, cx8, fxsr, mmx, sse, sse2, sse3, ssse3, sse4.1, sse4.2, popcnt, avx, avx2, aes, clmul, erms, 3dnowpref, lzcnt, ht, tsc, tscinvbit, bmi1, bmi2, adx

Memory: 4k page, physical 12482976k(4162892k free), swap 14383520k(2535332k free)

vm_info: Java HotSpot(TM) 64-Bit Server VM (25.77-b03) for windows-amd64 JRE (1.8.0_77-b03), built on Mar 20 2016 22:01:33 by "java_re" with MS VC++ 10.0 (VS2010)

time: Wed May 03 15:20:55 2017
elapsed time: 1684 seconds (0d 0h 28m 4s)

