#
# A fatal error has been detected by the Java Runtime Environment:
#
#  SIGSEGV (0xb) at pc=0x00000001089d97dc, pid=2591, tid=11267
#
# JRE version: Java(TM) SE Runtime Environment (8.0_51-b16) (build 1.8.0_51-b16)
# Java VM: Java HotSpot(TM) 64-Bit Server VM (25.51-b03 mixed mode bsd-amd64 compressed oops)
# Problematic frame:
# V  [libjvm.dylib+0x1d97dc]  ConstantPool::impl_name_and_type_ref_index_at(int, bool)+0x4c
#
# Failed to write core dump. Core dumps have been disabled. To enable core dumping, try "ulimit -c unlimited" before starting Java again
#
# If you would like to submit a bug report, please visit:
#   http://bugreport.java.com/bugreport/crash.jsp
#

---------------  T H R E A D  ---------------

Current thread (0x00007fd84482a000):  VMThread [stack: 0x0000700000629000,0x0000700000729000] [id=11267]

siginfo: si_signo: 11 (SIGSEGV), si_code: 1 (SEGV_MAPERR), si_addr: 0x00000001273a4928

Registers:
RAX=0x00000001272108f8, RBX=0x0000000000000078, RCX=0x0000000000194020, RDX=0x0000000000000000
RSP=0x00007000007284a0, RBP=0x00007000007284a0, RSI=0x000000000000ca01, RDI=0x000000012720dc30
R8 =0x0000000000000078, R9 =0x0000000042000000, R10=0x0000000000000005, R11=0xffffffffffffff40
R12=0x00007000007286c8, R13=0x000000012720dc30, R14=0x0000000000000000, R15=0x0000000000000001
RIP=0x00000001089d97dc, EFLAGS=0x0000000000010202, ERR=0x0000000000000004
  TRAPNO=0x000000000000000e

Top of Stack: (sp=0x00007000007284a0)
0x00007000007284a0:   0000700000728500 0000000108a7c462
0x00007000007284b0:   00007000007284d0 0000000108d86142
0x00007000007284c0:   0000700000728518 00007000007286c8
0x00007000007284d0:   0000700000728500 00007fd84370c7c0
0x00007000007284e0:   0000700000728518 00007fd84482a000
0x00007000007284f0:   00007000007286c8 00000000000000b8
0x0000700000728500:   0000700000728580 0000000108a7ded0
0x0000700000728510:   00007000007285b0 0000700000728550
0x0000700000728520:   000000012720f0d0 00007fd84482a000
0x0000700000728530:   0000007b00000078 000000b4000000b8
0x0000700000728540:   000000b400720000 000000012720f0d0
0x0000700000728550:   00007fd84482a000 000000012720f0d0
0x0000700000728560:   00007000007286c8 000000012720f0d0
0x0000700000728570:   0000000000000002 0000000000000078
0x0000700000728580:   00007000007285b0 0000000108a7e11f
0x0000700000728590:   00007000007285b0 00007000007286c8
0x00007000007285a0:   00007000007286c8 000000012720f0d0
0x00007000007285b0:   00007000007285d0 0000000108a7e6b6
0x00007000007285c0:   00007000007286c8 00007fd84482a000
0x00007000007285d0:   0000700000728660 0000000108a7eacf
0x00007000007285e0:   0000700000720000 0000000000000000
0x00007000007285f0:   0000000107d7aa00 0000000000000000
0x0000700000728600:   0000000107d7aa00 0000000000000100
0x0000700000728610:   0000000000000000 0000000107d7aa00
0x0000700000728620:   0000000000000000 0000000000000000
0x0000700000728630:   000000012720f0d0 00007fd84482a000
0x0000700000728640:   000000012720f0d0 00007000007286c8
0x0000700000728650:   00007fd84482a000 00007fd8444f4568
0x0000700000728660:   00007000007286b0 0000000108c65ea9
0x0000700000728670:   00007fd8437130f0 00007fd84370c6a0
0x0000700000728680:   00007fd84370c6b0 00007fd84370ca88
0x0000700000728690:   00000000000003d8 000000000000000d 

Instructions: (pc=0x00000001089d97dc)
0x00000001089d97bc:   63 ce 48 c1 e1 05 ba ff ff 00 00 48 23 54 08 10
0x00000001089d97cc:   8b 44 d7 50 c1 e8 10 5d c3 48 63 ce 48 c1 e1 05
0x00000001089d97dc:   48 8b 4c 08 10 0f b7 f1 48 63 c6 8b 44 c7 50 eb
0x00000001089d97ec:   e3 90 55 48 89 e5 53 48 83 ec 08 48 89 fb 48 89 

Register to memory mapping:

RAX=0x00000001272108f8 is pointing into metadata
RBX=0x0000000000000078 is an unknown value
RCX=0x0000000000194020 is an unknown value
RDX=0x0000000000000000 is an unknown value
RSP=0x00007000007284a0 is an unknown value
RBP=0x00007000007284a0 is an unknown value
RSI=0x000000000000ca01 is an unknown value
RDI=0x000000012720dc30 is pointing into metadata
R8 =0x0000000000000078 is an unknown value
R9 =0x0000000042000000 is an unknown value
R10=0x0000000000000005 is an unknown value
R11=0xffffffffffffff40 is an unknown value
R12=0x00007000007286c8 is an unknown value
R13=0x000000012720dc30 is pointing into metadata
R14=0x0000000000000000 is an unknown value
R15=0x0000000000000001 is an unknown value


Stack: [0x0000700000629000,0x0000700000729000],  sp=0x00007000007284a0,  free space=1021k
Native frames: (J=compiled Java code, j=interpreted, Vv=VM code, C=native code)
V  [libjvm.dylib+0x1d97dc]  ConstantPool::impl_name_and_type_ref_index_at(int, bool)+0x4c
V  [libjvm.dylib+0x27c462]  GenerateOopMap::do_field(int, int, int, int)+0x36
V  [libjvm.dylib+0x27ded0]  GenerateOopMap::interp_bb(BasicBlock*)+0x104
V  [libjvm.dylib+0x27e11f]  GenerateOopMap::interp_all()+0x31
V  [libjvm.dylib+0x27e6b6]  GenerateOopMap::do_interpretation()+0x44
V  [libjvm.dylib+0x27eacf]  GenerateOopMap::compute_map(Thread*)+0x1fb
V  [libjvm.dylib+0x465ea9]  OopMapForCacheEntry::compute_map(Thread*)+0x8f
V  [libjvm.dylib+0x4660b2]  OopMapCacheEntry::fill(methodHandle, int)+0x19e
V  [libjvm.dylib+0x46652e]  OopMapCache::lookup(methodHandle, int, InterpreterOopMap*) const+0x2f8
V  [libjvm.dylib+0x2b44c8]  InstanceKlass::mask_for(methodHandle, int, InterpreterOopMap*)+0xd2
V  [libjvm.dylib+0x434efd]  Method::mask_for(int, InterpreterOopMap*)+0xb3
V  [libjvm.dylib+0x587093]  interpretedVFrame::stack_data(bool) const+0x4b
V  [libjvm.dylib+0x382877]  VM_GetOrSetLocal::doit()+0x243
V  [libjvm.dylib+0x595f1d]  VM_Operation::evaluate()+0x4f
V  [libjvm.dylib+0x594589]  VMThread::evaluate_operation(VM_Operation*)+0xdf
V  [libjvm.dylib+0x5949d6]  VMThread::loop()+0x328
V  [libjvm.dylib+0x5942f5]  VMThread::run()+0x79
V  [libjvm.dylib+0x46e99e]  java_start(Thread*)+0xf6
C  [libsystem_pthread.dylib+0x399d]  _pthread_body+0x83
C  [libsystem_pthread.dylib+0x391a]  _pthread_body+0x0
C  [libsystem_pthread.dylib+0x1351]  thread_start+0xd

VM_Operation (0x000070000175b938): GetOrSetLocal, mode: safepoint, requested by thread 0x00007fd8450df000


---------------  P R O C E S S  ---------------

Java Threads: ( => current thread )
  0x00007fd843e20000 JavaThread "pool-361-thread-4" [_thread_blocked, id=65319, stack(0x0000700006c5b000,0x0000700006d5b000)]
  0x00007fd845f06800 JavaThread "pool-361-thread-3" [_thread_blocked, id=66703, stack(0x0000700006a55000,0x0000700006b55000)]
  0x00007fd8505f4000 JavaThread "taskExecutor-3" [_thread_blocked, id=54587, stack(0x0000700005d2e000,0x0000700005e2e000)]
  0x00007fd84f3e1800 JavaThread "pool-361-thread-2" [_thread_blocked, id=67519, stack(0x0000700005f34000,0x0000700006034000)]
  0x00007fd84a271800 JavaThread "pool-358-thread-3" [_thread_blocked, id=65651, stack(0x0000700005619000,0x0000700005719000)]
  0x00007fd846d7c800 JavaThread "pool-357-thread-3" [_thread_blocked, id=42495, stack(0x00007000042e0000,0x00007000043e0000)]
  0x00007fd84aad7800 JavaThread "AMQP Connection 52.202.81.232:5672" [_thread_in_native, id=27987, stack(0x00007000040da000,0x00007000041da000)]
  0x00007fd84c2d4800 JavaThread "pool-358-thread-2" [_thread_blocked, id=62411, stack(0x0000700003cce000,0x0000700003dce000)]
  0x00007fd84fbbf800 JavaThread "pool-357-thread-2" [_thread_blocked, id=30927, stack(0x0000700002383000,0x0000700002483000)]
  0x00007fd84fd5f800 JavaThread "AMQP Connection 52.202.81.232:5672" [_thread_in_native, id=67035, stack(0x000070000217d000,0x000070000227d000)]
  0x00007fd84b54c800 JavaThread "AMQP Connection 52.202.81.232:5672" [_thread_in_native, id=64699, stack(0x000070000114d000,0x000070000124d000)]
  0x00007fd84e7d3000 JavaThread "elasticsearch[NFL Superpro][generic][T#2]" daemon [_thread_blocked, id=5075, stack(0x000070000674c000,0x000070000684c000)]
  0x00007fd8446f9800 JavaThread "JDWP Command Reader" daemon [_thread_blocked, id=65131, stack(0x0000700006546000,0x0000700006646000)]
  0x00007fd849d91000 JavaThread "qtp230816477-622" [_thread_blocked, id=65803, stack(0x0000700006b58000,0x0000700006c58000)]
  0x00007fd84f8cb800 JavaThread "taskExecutor-2" [_thread_blocked, id=61211, stack(0x0000700006649000,0x0000700006749000)]
  0x00007fd8507b2000 JavaThread "pool-99-thread-1" [_thread_blocked, id=63763, stack(0x0000700006340000,0x0000700006440000)]
  0x00007fd85009c800 JavaThread "taskExecutor-1" [_thread_blocked, id=58131, stack(0x000070000623d000,0x000070000633d000)]
  0x00007fd84824e800 JavaThread "qtp230816477-300" [_thread_in_native, id=59659, stack(0x0000700005e31000,0x0000700005f31000)]
  0x00007fd84e857800 JavaThread "qtp230816477-299" [_thread_blocked, id=58631, stack(0x0000700006037000,0x0000700006137000)]
  0x00007fd84e42e800 JavaThread "pool-2-thread-10" [_thread_blocked, id=57603, stack(0x0000700005c2b000,0x0000700005d2b000)]
  0x00007fd8446b3000 JavaThread "pool-2-thread-9" [_thread_blocked, id=56587, stack(0x0000700005b28000,0x0000700005c28000)]
  0x00007fd843c6a800 JavaThread "pool-2-thread-8" [_thread_blocked, id=57095, stack(0x0000700005a25000,0x0000700005b25000)]
  0x00007fd84faa1800 JavaThread "pool-2-thread-7" [_thread_blocked, id=42535, stack(0x0000700005922000,0x0000700005a22000)]
  0x00007fd84af2f800 JavaThread "pool-2-thread-6" [_thread_blocked, id=46643, stack(0x000070000571c000,0x000070000581c000)]
  0x00007fd84443d800 JavaThread "pool-2-thread-5" [_thread_blocked, id=45359, stack(0x00007000049f5000,0x0000700004af5000)]
  0x00007fd847be0800 JavaThread "pool-75-thread-1" [_thread_blocked, id=47679, stack(0x00007000048f2000,0x00007000049f2000)]
  0x00007fd849ff2000 JavaThread "pool-2-thread-4" [_thread_blocked, id=48435, stack(0x00007000046ec000,0x00007000047ec000)]
  0x00007fd845431000 JavaThread "pool-2-thread-3" [_thread_blocked, id=47427, stack(0x00007000045e9000,0x00007000046e9000)]
  0x00007fd84a410800 JavaThread "pool-2-thread-2" [_thread_blocked, id=47919, stack(0x00007000044e6000,0x00007000045e6000)]
  0x00007fd844d9e800 JavaThread "pool-2-thread-1" [_thread_blocked, id=13387, stack(0x00007000041dd000,0x00007000042dd000)]
  0x00007fd8445a5000 JavaThread "pool-24-thread-1" [_thread_blocked, id=55059, stack(0x000070000581f000,0x000070000591f000)]
  0x00007fd84467a000 JavaThread "Console scanner" daemon [_thread_blocked, id=44299, stack(0x00007000047ef000,0x00007000048ef000)]
  0x00007fd84c2d5800 JavaThread "elasticsearch[NFL Superpro][transport_client_timer][T#1]{Hashed wheel timer #1}" daemon [_thread_blocked, id=54019, stack(0x0000700005516000,0x0000700005616000)]
  0x00007fd85071d000 JavaThread "elasticsearch[NFL Superpro][transport_client_boss][T#1]{New I/O boss #9}" daemon [_thread_in_native, id=53507, stack(0x0000700005413000,0x0000700005513000)]
  0x00007fd84ff61800 JavaThread "elasticsearch[NFL Superpro][transport_client_worker][T#8]{New I/O worker #8}" daemon [_thread_in_native, id=52995, stack(0x0000700005310000,0x0000700005410000)]
  0x00007fd84b1af000 JavaThread "elasticsearch[NFL Superpro][transport_client_worker][T#7]{New I/O worker #7}" daemon [_thread_in_native, id=52483, stack(0x000070000520d000,0x000070000530d000)]
  0x00007fd8468b8800 JavaThread "elasticsearch[NFL Superpro][transport_client_worker][T#6]{New I/O worker #6}" daemon [_thread_in_native, id=51971, stack(0x000070000510a000,0x000070000520a000)]
  0x00007fd849f09800 JavaThread "elasticsearch[NFL Superpro][transport_client_worker][T#5]{New I/O worker #5}" daemon [_thread_in_native, id=51459, stack(0x0000700005007000,0x0000700005107000)]
  0x00007fd85072d000 JavaThread "elasticsearch[NFL Superpro][transport_client_worker][T#4]{New I/O worker #4}" daemon [_thread_in_native, id=50947, stack(0x0000700004f04000,0x0000700005004000)]
  0x00007fd845ef3000 JavaThread "elasticsearch[NFL Superpro][transport_client_worker][T#3]{New I/O worker #3}" daemon [_thread_in_native, id=50435, stack(0x0000700004e01000,0x0000700004f01000)]
  0x00007fd84b085800 JavaThread "elasticsearch[NFL Superpro][transport_client_worker][T#2]{New I/O worker #2}" daemon [_thread_in_native, id=49923, stack(0x0000700004cfe000,0x0000700004dfe000)]
  0x00007fd850028000 JavaThread "elasticsearch[NFL Superpro][transport_client_worker][T#1]{New I/O worker #1}" daemon [_thread_in_native, id=49411, stack(0x0000700004bfb000,0x0000700004cfb000)]
  0x00007fd8492d5000 JavaThread "elasticsearch[NFL Superpro][scheduler][T#1]" daemon [_thread_blocked, id=48899, stack(0x0000700004af8000,0x0000700004bf8000)]
  0x00007fd844b2e000 JavaThread "elasticsearch[NFL Superpro][[timer]]" daemon [_thread_blocked, id=45827, stack(0x00007000043e3000,0x00007000044e3000)]
  0x00007fd84e34b800 JavaThread "pool-5-thread-1" [_thread_blocked, id=43779, stack(0x0000700003fd7000,0x00007000040d7000)]
  0x00007fd850158000 JavaThread "pool-4-thread-1" [_thread_blocked, id=43267, stack(0x0000700003ed4000,0x0000700003fd4000)]
  0x00007fd850157800 JavaThread "pool-3-thread-1" [_thread_blocked, id=42755, stack(0x0000700003dd1000,0x0000700003ed1000)]
  0x00007fd845b4a800 JavaThread "Timer-5" daemon [_thread_blocked, id=41731, stack(0x0000700003bcb000,0x0000700003ccb000)]
  0x00007fd845cd1000 JavaThread "Timer-4" daemon [_thread_blocked, id=41219, stack(0x0000700003ac8000,0x0000700003bc8000)]
  0x00007fd84f573000 JavaThread "org.springframework.scheduling.quartz.SchedulerFactoryBean#0_QuartzSchedulerThread" [_thread_blocked, id=40707, stack(0x00007000039c5000,0x0000700003ac5000)]
  0x00007fd84bb3e800 JavaThread "org.springframework.scheduling.quartz.SchedulerFactoryBean#0_Worker-10" [_thread_blocked, id=40195, stack(0x00007000038c2000,0x00007000039c2000)]
  0x00007fd84bb3e000 JavaThread "org.springframework.scheduling.quartz.SchedulerFactoryBean#0_Worker-9" [_thread_blocked, id=39683, stack(0x00007000037bf000,0x00007000038bf000)]
  0x00007fd84e911000 JavaThread "org.springframework.scheduling.quartz.SchedulerFactoryBean#0_Worker-8" [_thread_blocked, id=39171, stack(0x00007000036bc000,0x00007000037bc000)]
  0x00007fd8498e1000 JavaThread "org.springframework.scheduling.quartz.SchedulerFactoryBean#0_Worker-7" [_thread_blocked, id=38659, stack(0x00007000035b9000,0x00007000036b9000)]
  0x00007fd849635000 JavaThread "org.springframework.scheduling.quartz.SchedulerFactoryBean#0_Worker-6" [_thread_blocked, id=38147, stack(0x00007000034b6000,0x00007000035b6000)]
  0x00007fd845f68800 JavaThread "org.springframework.scheduling.quartz.SchedulerFactoryBean#0_Worker-5" [_thread_blocked, id=37635, stack(0x00007000033b3000,0x00007000034b3000)]
  0x00007fd845cd2000 JavaThread "org.springframework.scheduling.quartz.SchedulerFactoryBean#0_Worker-4" [_thread_blocked, id=37123, stack(0x00007000032b0000,0x00007000033b0000)]
  0x00007fd84f47c000 JavaThread "org.springframework.scheduling.quartz.SchedulerFactoryBean#0_Worker-3" [_thread_blocked, id=36611, stack(0x00007000031ad000,0x00007000032ad000)]
  0x00007fd849634000 JavaThread "org.springframework.scheduling.quartz.SchedulerFactoryBean#0_Worker-2" [_thread_blocked, id=36099, stack(0x00007000030aa000,0x00007000031aa000)]
  0x00007fd843e48000 JavaThread "org.springframework.scheduling.quartz.SchedulerFactoryBean#0_Worker-1" [_thread_blocked, id=35587, stack(0x0000700002fa7000,0x00007000030a7000)]
  0x00007fd844495000 JavaThread "MultiThreadedHttpConnectionManager cleanup" daemon [_thread_blocked, id=35075, stack(0x0000700002ea4000,0x0000700002fa4000)]
  0x00007fd84f1ec800 JavaThread "Metadata-reload" daemon [_thread_blocked, id=34563, stack(0x0000700002da1000,0x0000700002ea1000)]
  0x00007fd8504a3000 JavaThread "Timer-3" daemon [_thread_blocked, id=34051, stack(0x0000700002c9e000,0x0000700002d9e000)]
  0x00007fd8444a0000 JavaThread "Timer-2" daemon [_thread_blocked, id=33539, stack(0x0000700002b9b000,0x0000700002c9b000)]
  0x00007fd8505f6800 JavaThread "Timer-1" daemon [_thread_blocked, id=33027, stack(0x0000700002a98000,0x0000700002b98000)]
  0x00007fd84f6f1800 JavaThread "Timer-0" daemon [_thread_blocked, id=32515, stack(0x0000700002995000,0x0000700002a95000)]
  0x00007fd84f96e000 JavaThread "org.hibernate.cache.internal.StandardQueryCache.data" daemon [_thread_blocked, id=32003, stack(0x0000700002892000,0x0000700002992000)]
  0x00007fd84a3b3000 JavaThread "org.hibernate.cache.spi.UpdateTimestampsCache.data" daemon [_thread_blocked, id=27655, stack(0x000070000278f000,0x000070000288f000)]
  0x00007fd84abf3800 JavaThread "net.sf.ehcache.CacheManager@6307382" daemon [_thread_blocked, id=31495, stack(0x000070000268c000,0x000070000278c000)]
  0x00007fd844707000 JavaThread "Tomcat JDBC Pool Cleaner[910572297:1472825067676]" daemon [_thread_blocked, id=13071, stack(0x0000700000932000,0x0000700000a32000)]
  0x00007fd84a2ad000 JavaThread "org.eclipse.jetty.server.session.HashSessionManager@345540f9Timer" daemon [_thread_blocked, id=27399, stack(0x0000700002589000,0x0000700002689000)]
  0x00007fd84b299800 JavaThread "qtp230816477-55-acceptor-0@4b5b334-ServerConnector@280389b{HTTP/1.1,[http/1.1]}{0.0.0.0:8080}" [_thread_in_native, id=30979, stack(0x0000700002486000,0x0000700002586000)]
  0x00007fd84a270800 JavaThread "qtp230816477-53" [_thread_blocked, id=29955, stack(0x0000700002280000,0x0000700002380000)]
  0x00007fd8498c6000 JavaThread "qtp230816477-51" [_thread_blocked, id=28931, stack(0x000070000207a000,0x000070000217a000)]
  0x00007fd8498ac800 JavaThread "qtp230816477-50" [_thread_blocked, id=28419, stack(0x0000700001f77000,0x0000700002077000)]
  0x00007fd84a34e000 JavaThread "qtp230816477-49" [_thread_in_native, id=20495, stack(0x0000700001e74000,0x0000700001f74000)]
  0x00007fd84452d000 JavaThread "rebel-messaging-executor" daemon [_thread_blocked, id=21255, stack(0x0000700001353000,0x0000700001453000)]
  0x00007fd84538c800 JavaThread "rebel-weak-reaper" daemon [_thread_blocked, id=26371, stack(0x0000700001d71000,0x0000700001e71000)]
  0x00007fd843943800 JavaThread "Service Thread" daemon [_thread_blocked, id=25347, stack(0x0000700001b6b000,0x0000700001c6b000)]
  0x00007fd84389e000 JavaThread "C1 CompilerThread2" daemon [_thread_blocked, id=24835, stack(0x0000700001a68000,0x0000700001b68000)]
  0x00007fd8438b9800 JavaThread "C2 CompilerThread1" daemon [_thread_blocked, id=24323, stack(0x0000700001965000,0x0000700001a65000)]
  0x00007fd845149000 JavaThread "C2 CompilerThread0" daemon [_thread_in_native, id=23811, stack(0x0000700001862000,0x0000700001962000)]
  0x00007fd8450df800 JavaThread "JDWP Event Helper Thread" daemon [_thread_blocked, id=23299, stack(0x000070000175f000,0x000070000185f000)]
  0x00007fd8450df000 JavaThread "JDWP Transport Listener: dt_socket" daemon [_thread_blocked, id=22787, stack(0x000070000165c000,0x000070000175c000)]
  0x00007fd844217800 JavaThread "rebel-debugger-thread" daemon [_thread_blocked, id=22275, stack(0x0000700001559000,0x0000700001659000)]
  0x00007fd844216800 JavaThread "rebel-heartbeat-thread" daemon [_thread_blocked, id=21763, stack(0x0000700001456000,0x0000700001556000)]
  0x00007fd84421c800 JavaThread "rebel-redeploy-thread" daemon [_thread_blocked, id=20739, stack(0x0000700001250000,0x0000700001350000)]
  0x00007fd844176000 JavaThread "rebel-fsnotify-ShutdownOnTermination" daemon [_thread_blocked, id=17935, stack(0x0000700000e6f000,0x0000700000f6f000)]
  0x00007fd8441d3000 JavaThread "rebel-fsnotify-OutputReader" daemon [_thread_blocked, id=19471, stack(0x0000700000d6c000,0x0000700000e6c000)]
  0x00007fd8441fd800 JavaThread "rebel-fsnotify-OutputReader" daemon [_thread_blocked, id=18191, stack(0x0000700000c69000,0x0000700000d69000)]
  0x00007fd844096800 JavaThread "process reaper" daemon [_thread_in_native, id=18447, stack(0x0000700000c3e000,0x0000700000c66000)]
  0x00007fd844888800 JavaThread "rebel-CacheKeepAlive" daemon [_thread_blocked, id=19715, stack(0x000070000104a000,0x000070000114a000)]
  0x00007fd84483c000 JavaThread "rebel-logger" daemon [_thread_blocked, id=17155, stack(0x0000700000b3b000,0x0000700000c3b000)]
  0x00007fd84403d800 JavaThread "Signal Dispatcher" daemon [_thread_blocked, id=15115, stack(0x0000700000a38000,0x0000700000b38000)]
  0x00007fd843805000 JavaThread "Finalizer" daemon [_thread_blocked, id=12291, stack(0x000070000082f000,0x000070000092f000)]
  0x00007fd844001000 JavaThread "Reference Handler" daemon [_thread_blocked, id=11779, stack(0x000070000072c000,0x000070000082c000)]
  0x00007fd844005000 JavaThread "main" [_thread_blocked, id=5891, stack(0x000070000011a000,0x000070000021a000)]

Other Threads:
=>0x00007fd84482a000 VMThread [stack: 0x0000700000629000,0x0000700000729000] [id=11267]
  0x00007fd84491d000 WatcherThread [stack: 0x0000700001c6e000,0x0000700001d6e000] [id=25859]

VM state:at safepoint (normal execution)

VM Mutex/Monitor currently owned by a thread:  ([mutex/lock_event])
[0x00007fd843701d90] Threads_lock - owner thread: 0x00007fd84482a000

Heap:
 PSYoungGen      total 278016K, used 120175K [0x00000007aab00000, 0x00000007bfe00000, 0x00000007c0000000)
  eden space 249856K, 36% used [0x00000007aab00000,0x00000007b0529f58,0x00000007b9f00000)
  from space 28160K, 98% used [0x00000007b9f00000,0x00000007bba32048,0x00000007bba80000)
  to   space 48128K, 0% used [0x00000007bcf00000,0x00000007bcf00000,0x00000007bfe00000)
 ParOldGen       total 396800K, used 122389K [0x0000000780000000, 0x0000000798380000, 0x00000007aab00000)
  object space 396800K, 30% used [0x0000000780000000,0x0000000787785440,0x0000000798380000)
 Metaspace       used 133364K, capacity 136068K, committed 136240K, reserved 1169408K
  class space    used 15958K, capacity 16609K, committed 16688K, reserved 1048576K

Card table byte_map: [0x0000000118c06000,0x0000000118e07000] byte_map_base: 0x0000000115006000

Marking Bits: (ParMarkBitMap*) 0x00000001090c27a0
 Begin Bits: [0x0000000118f5d000, 0x0000000119f5d000)
 End Bits:   [0x0000000119f5d000, 0x000000011af5d000)

Polling page: 0x0000000107fea000

CodeCache: size=245760Kb used=56544Kb max_used=56619Kb free=189215Kb
 bounds [0x0000000109846000, 0x000000010d036000, 0x0000000118846000]
 total_blobs=15865 nmethods=15044 adapters=739
 compilation: enabled

Compilation events (10 events):
Event: 404.269 Thread 0x00007fd84389e000 nmethod 19827% 0x000000010c4af310 code [0x000000010c4af4c0, 0x000000010c4af918]
Event: 404.462 Thread 0x00007fd84389e000 19828       1       com.zeroturnaround.javarebel.BK::a (5 bytes)
Event: 404.463 Thread 0x00007fd84389e000 nmethod 19828 0x000000010b5a6390 code [0x000000010b5a64e0, 0x000000010b5a65f0]
Event: 405.581 Thread 0x00007fd845149000 nmethod 19756 0x000000010c317390 code [0x000000010c318720, 0x000000010c327190]
Event: 405.582 Thread 0x00007fd845149000 19754       4       java.util.regex.Pattern$Begin::match (62 bytes)
Event: 405.585 Thread 0x00007fd845149000 nmethod 19754 0x000000010c4ac0d0 code [0x000000010c4ac220, 0x000000010c4ac3d8]
Event: 405.585 Thread 0x00007fd845149000 19742   !   4       javax.faces.component.UIComponentBase::visitTree (46 bytes)
Event: 405.927 Thread 0x00007fd8438b9800 nmethod 19729 0x000000010cff0d90 code [0x000000010cff22c0, 0x000000010d003e88]
Event: 405.929 Thread 0x00007fd8438b9800 19741       4       com.zeroturnaround.javarebel.gy::getName (30 bytes)
Event: 405.934 Thread 0x00007fd8438b9800 nmethod 19741 0x000000010c4abb10 code [0x000000010c4abc80, 0x000000010c4abe98]

GC Heap History (10 events):
Event: 136.831 GC heap before
{Heap before GC invocations=67 (full 4):
 PSYoungGen      total 302080K, used 284419K [0x00000007aab00000, 0x00000007bfd00000, 0x00000007c0000000)
  eden space 259072K, 100% used [0x00000007aab00000,0x00000007ba800000,0x00000007ba800000)
  from space 43008K, 58% used [0x00000007bd300000,0x00000007bebc0fc0,0x00000007bfd00000)
  to   space 43520K, 0% used [0x00000007ba800000,0x00000007ba800000,0x00000007bd280000)
 ParOldGen       total 396800K, used 122357K [0x0000000780000000, 0x0000000798380000, 0x00000007aab00000)
  object space 396800K, 30% used [0x0000000780000000,0x000000078777d440,0x0000000798380000)
 Metaspace       used 128522K, capacity 130566K, committed 131632K, reserved 1165312K
  class space    used 15549K, capacity 16098K, committed 16176K, reserved 1048576K
Event: 136.888 GC heap after
Heap after GC invocations=67 (full 4):
 PSYoungGen      total 302592K, used 35274K [0x00000007aab00000, 0x00000007c0000000, 0x00000007c0000000)
  eden space 259072K, 0% used [0x00000007aab00000,0x00000007aab00000,0x00000007ba800000)
  from space 43520K, 81% used [0x00000007ba800000,0x00000007bca72950,0x00000007bd280000)
  to   space 46592K, 0% used [0x00000007bd280000,0x00000007bd280000,0x00000007c0000000)
 ParOldGen       total 396800K, used 122365K [0x0000000780000000, 0x0000000798380000, 0x00000007aab00000)
  object space 396800K, 30% used [0x0000000780000000,0x000000078777f440,0x0000000798380000)
 Metaspace       used 128522K, capacity 130566K, committed 131632K, reserved 1165312K
  class space    used 15549K, capacity 16098K, committed 16176K, reserved 1048576K
}
Event: 151.176 GC heap before
{Heap before GC invocations=68 (full 4):
 PSYoungGen      total 302592K, used 294346K [0x00000007aab00000, 0x00000007c0000000, 0x00000007c0000000)
  eden space 259072K, 100% used [0x00000007aab00000,0x00000007ba800000,0x00000007ba800000)
  from space 43520K, 81% used [0x00000007ba800000,0x00000007bca72950,0x00000007bd280000)
  to   space 46592K, 0% used [0x00000007bd280000,0x00000007bd280000,0x00000007c0000000)
 ParOldGen       total 396800K, used 122365K [0x0000000780000000, 0x0000000798380000, 0x00000007aab00000)
  object space 396800K, 30% used [0x0000000780000000,0x000000078777f440,0x0000000798380000)
 Metaspace       used 130896K, capacity 133236K, committed 133936K, reserved 1167360K
  class space    used 15763K, capacity 16357K, committed 16432K, reserved 1048576K
Event: 151.344 GC heap after
Heap after GC invocations=68 (full 4):
 PSYoungGen      total 300544K, used 32549K [0x00000007aab00000, 0x00000007c0000000, 0x00000007c0000000)
  eden space 253952K, 0% used [0x00000007aab00000,0x00000007aab00000,0x00000007ba300000)
  from space 46592K, 69% used [0x00000007bd280000,0x00000007bf2497f0,0x00000007c0000000)
  to   space 47616K, 0% used [0x00000007ba300000,0x00000007ba300000,0x00000007bd180000)
 ParOldGen       total 396800K, used 122373K [0x0000000780000000, 0x0000000798380000, 0x00000007aab00000)
  object space 396800K, 30% used [0x0000000780000000,0x0000000787781440,0x0000000798380000)
 Metaspace       used 130896K, capacity 133236K, committed 133936K, reserved 1167360K
  class space    used 15763K, capacity 16357K, committed 16432K, reserved 1048576K
}
Event: 238.186 GC heap before
{Heap before GC invocations=69 (full 4):
 PSYoungGen      total 300544K, used 286501K [0x00000007aab00000, 0x00000007c0000000, 0x00000007c0000000)
  eden space 253952K, 100% used [0x00000007aab00000,0x00000007ba300000,0x00000007ba300000)
  from space 46592K, 69% used [0x00000007bd280000,0x00000007bf2497f0,0x00000007c0000000)
  to   space 47616K, 0% used [0x00000007ba300000,0x00000007ba300000,0x00000007bd180000)
 ParOldGen       total 396800K, used 122373K [0x0000000780000000, 0x0000000798380000, 0x00000007aab00000)
  object space 396800K, 30% used [0x0000000780000000,0x0000000787781440,0x0000000798380000)
 Metaspace       used 132427K, capacity 135156K, committed 135344K, reserved 1167360K
  class space    used 15887K, capacity 16511K, committed 16560K, reserved 1048576K
Event: 238.304 GC heap after
Heap after GC invocations=69 (full 4):
 PSYoungGen      total 287232K, used 33004K [0x00000007aab00000, 0x00000007c0000000, 0x00000007c0000000)
  eden space 253952K, 0% used [0x00000007aab00000,0x00000007aab00000,0x00000007ba300000)
  from space 33280K, 99% used [0x00000007ba300000,0x00000007bc33b1e8,0x00000007bc380000)
  to   space 48640K, 0% used [0x00000007bd080000,0x00000007bd080000,0x00000007c0000000)
 ParOldGen       total 396800K, used 122381K [0x0000000780000000, 0x0000000798380000, 0x00000007aab00000)
  object space 396800K, 30% used [0x0000000780000000,0x0000000787783440,0x0000000798380000)
 Metaspace       used 132427K, capacity 135156K, committed 135344K, reserved 1167360K
  class space    used 15887K, capacity 16511K, committed 16560K, reserved 1048576K
}
Event: 306.103 GC heap before
{Heap before GC invocations=70 (full 4):
 PSYoungGen      total 287232K, used 286956K [0x00000007aab00000, 0x00000007c0000000, 0x00000007c0000000)
  eden space 253952K, 100% used [0x00000007aab00000,0x00000007ba300000,0x00000007ba300000)
  from space 33280K, 99% used [0x00000007ba300000,0x00000007bc33b1e8,0x00000007bc380000)
  to   space 48640K, 0% used [0x00000007bd080000,0x00000007bd080000,0x00000007c0000000)
 ParOldGen       total 396800K, used 122381K [0x0000000780000000, 0x0000000798380000, 0x00000007aab00000)
  object space 396800K, 30% used [0x0000000780000000,0x0000000787783440,0x0000000798380000)
 Metaspace       used 133060K, capacity 135748K, committed 135984K, reserved 1169408K
  class space    used 15948K, capacity 16599K, committed 16688K, reserved 1048576K
Event: 306.175 GC heap after
Heap after GC invocations=70 (full 4):
 PSYoungGen      total 298496K, used 34127K [0x00000007aab00000, 0x00000007c0000000, 0x00000007c0000000)
  eden space 249856K, 0% used [0x00000007aab00000,0x00000007aab00000,0x00000007b9f00000)
  from space 48640K, 70% used [0x00000007bd080000,0x00000007bf1d3e28,0x00000007c0000000)
  to   space 49664K, 0% used [0x00000007b9f00000,0x00000007b9f00000,0x00000007bcf80000)
 ParOldGen       total 396800K, used 122389K [0x0000000780000000, 0x0000000798380000, 0x00000007aab00000)
  object space 396800K, 30% used [0x0000000780000000,0x0000000787785440,0x0000000798380000)
 Metaspace       used 133060K, capacity 135748K, committed 135984K, reserved 1169408K
  class space    used 15948K, capacity 16599K, committed 16688K, reserved 1048576K
}
Event: 308.440 GC heap before
{Heap before GC invocations=71 (full 4):
 PSYoungGen      total 298496K, used 283983K [0x00000007aab00000, 0x00000007c0000000, 0x00000007c0000000)
  eden space 249856K, 100% used [0x00000007aab00000,0x00000007b9f00000,0x00000007b9f00000)
  from space 48640K, 70% used [0x00000007bd080000,0x00000007bf1d3e28,0x00000007c0000000)
  to   space 49664K, 0% used [0x00000007b9f00000,0x00000007b9f00000,0x00000007bcf80000)
 ParOldGen       total 396800K, used 122389K [0x0000000780000000, 0x0000000798380000, 0x00000007aab00000)
  object space 396800K, 30% used [0x0000000780000000,0x0000000787785440,0x0000000798380000)
 Metaspace       used 133085K, capacity 135760K, committed 135984K, reserved 1169408K
  class space    used 15949K, capacity 16601K, committed 16688K, reserved 1048576K
Event: 308.477 GC heap after
Heap after GC invocations=71 (full 4):
 PSYoungGen      total 278016K, used 27848K [0x00000007aab00000, 0x00000007bfe00000, 0x00000007c0000000)
  eden space 249856K, 0% used [0x00000007aab00000,0x00000007aab00000,0x00000007b9f00000)
  from space 28160K, 98% used [0x00000007b9f00000,0x00000007bba32048,0x00000007bba80000)
  to   space 48128K, 0% used [0x00000007bcf00000,0x00000007bcf00000,0x00000007bfe00000)
 ParOldGen       total 396800K, used 122389K [0x0000000780000000, 0x0000000798380000, 0x00000007aab00000)
  object space 396800K, 30% used [0x0000000780000000,0x0000000787785440,0x0000000798380000)
 Metaspace       used 133085K, capacity 135760K, committed 135984K, reserved 1169408K
  class space    used 15949K, capacity 16601K, committed 16688K, reserved 1048576K
}

Deoptimization events (10 events):
Event: 403.988 Thread 0x00007fd843e20000 Uncommon trap: reason=unhandled action=none pc=0x000000010a306108 method=java.net.URLClassLoader.findClass(Ljava/lang/String;)Ljava/lang/Class; @ 69
Event: 403.988 Thread 0x00007fd843e20000 Uncommon trap: reason=unhandled action=none pc=0x000000010baf5a74 method=org.codehaus.plexus.classworlds.realm.ClassRealm.findClass(Ljava/lang/String;)Ljava/lang/Class; @ 8
Event: 403.988 Thread 0x00007fd843e20000 Uncommon trap: reason=unhandled action=none pc=0x000000010baf5a74 method=org.codehaus.plexus.classworlds.realm.ClassRealm.findClass(Ljava/lang/String;)Ljava/lang/Class; @ 8
Event: 403.988 Thread 0x00007fd843e20000 Uncommon trap: reason=unhandled action=none pc=0x000000010a306108 method=java.net.URLClassLoader.findClass(Ljava/lang/String;)Ljava/lang/Class; @ 69
Event: 403.988 Thread 0x00007fd843e20000 Uncommon trap: reason=unhandled action=none pc=0x000000010baf5a74 method=org.codehaus.plexus.classworlds.realm.ClassRealm.findClass(Ljava/lang/String;)Ljava/lang/Class; @ 8
Event: 403.989 Thread 0x00007fd843e20000 Uncommon trap: reason=unhandled action=none pc=0x000000010a306108 method=java.net.URLClassLoader.findClass(Ljava/lang/String;)Ljava/lang/Class; @ 69
Event: 403.989 Thread 0x00007fd843e20000 Uncommon trap: reason=unhandled action=none pc=0x000000010a306108 method=java.net.URLClassLoader.findClass(Ljava/lang/String;)Ljava/lang/Class; @ 69
Event: 403.989 Thread 0x00007fd843e20000 Uncommon trap: reason=unhandled action=none pc=0x000000010a306108 method=java.net.URLClassLoader.findClass(Ljava/lang/String;)Ljava/lang/Class; @ 69
Event: 403.989 Thread 0x00007fd843e20000 Uncommon trap: reason=unhandled action=none pc=0x000000010a306108 method=java.net.URLClassLoader.findClass(Ljava/lang/String;)Ljava/lang/Class; @ 69
Event: 405.576 Thread 0x00007fd8498ac800 Uncommon trap: reason=unstable_if action=reinterpret pc=0x000000010ae17890 method=sun.nio.ch.KQueueSelectorImpl.updateSelectedKeys(I)I @ 191

Internal exceptions (10 events):
Event: 400.514 Thread 0x00007fd8498c6000 Exception <a 'sun/nio/fs/UnixException'> (0x00000007af3aba30) thrown at [/Users/java_re/workspace/8-2-build-macosx-x86_64/jdk8u51/3951/hotspot/src/share/vm/prims/jni.cpp, line 709]
Event: 400.522 Thread 0x00007fd8498c6000 Exception <a 'sun/nio/fs/UnixException'> (0x00000007af3d2660) thrown at [/Users/java_re/workspace/8-2-build-macosx-x86_64/jdk8u51/3951/hotspot/src/share/vm/prims/jni.cpp, line 709]
Event: 402.551 Thread 0x00007fd849d91000 Exception <a 'java/lang/ClassNotFoundException': components/util.messagesBundle> (0x00000007af7b10f8) thrown at [/Users/java_re/workspace/8-2-build-macosx-x86_64/jdk8u51/3951/hotspot/src/share/vm/prims/jni.cpp, line 735]
Event: 402.551 Thread 0x00007fd849d91000 Exception <a 'java/lang/ClassNotFoundException': components/util.messagesBundle> (0x00000007af7b17c8) thrown at [/Users/java_re/workspace/8-2-build-macosx-x86_64/jdk8u51/3951/hotspot/src/share/vm/prims/jni.cpp, line 735]
Event: 402.553 Thread 0x00007fd849d91000 Exception <a 'sun/nio/fs/UnixException'> (0x00000007af7c9928) thrown at [/Users/java_re/workspace/8-2-build-macosx-x86_64/jdk8u51/3951/hotspot/src/share/vm/prims/jni.cpp, line 709]
Event: 402.555 Thread 0x00007fd849d91000 Exception <a 'java/lang/ClassNotFoundException': components/util.userAvatar> (0x00000007af7e5030) thrown at [/Users/java_re/workspace/8-2-build-macosx-x86_64/jdk8u51/3951/hotspot/src/share/vm/prims/jni.cpp, line 735]
Event: 402.555 Thread 0x00007fd849d91000 Exception <a 'java/lang/ClassNotFoundException': components/util.userAvatar> (0x00000007af7e5888) thrown at [/Users/java_re/workspace/8-2-build-macosx-x86_64/jdk8u51/3951/hotspot/src/share/vm/prims/jni.cpp, line 735]
Event: 402.559 Thread 0x00007fd849d91000 Exception <a 'sun/nio/fs/UnixException'> (0x00000007af81ea08) thrown at [/Users/java_re/workspace/8-2-build-macosx-x86_64/jdk8u51/3951/hotspot/src/share/vm/prims/jni.cpp, line 709]
Event: 402.706 Thread 0x00007fd849d91000 Exception <a 'sun/nio/fs/UnixException'> (0x00000007afd18870) thrown at [/Users/java_re/workspace/8-2-build-macosx-x86_64/jdk8u51/3951/hotspot/src/share/vm/prims/jni.cpp, line 709]
Event: 402.709 Thread 0x00007fd849d91000 Exception <a 'sun/nio/fs/UnixException'> (0x00000007afd61348) thrown at [/Users/java_re/workspace/8-2-build-macosx-x86_64/jdk8u51/3951/hotspot/src/share/vm/prims/jni.cpp, line 709]

Events (10 events):
Event: 405.240 Thread 0x00007fd84bfef000 DEOPT PACKING pc=0x000000010cf4c73c sp=0x00007000065425d0
Event: 405.240 Thread 0x00007fd84bfef000 DEOPT UNPACKING pc=0x000000010988d633 sp=0x0000700006542390 mode 1
Event: 405.240 Thread 0x00007fd84bfef000 DEOPT PACKING pc=0x000000010c456dec sp=0x00007000065426b0
Event: 405.240 Thread 0x00007fd84bfef000 DEOPT UNPACKING pc=0x000000010988d633 sp=0x0000700006542468 mode 1
Event: 405.240 Thread 0x00007fd84bfef000 Thread exited: 0x00007fd84bfef000
Event: 405.249 Thread 0x00007fd84b362000 Thread exited: 0x00007fd84b362000
Event: 405.576 Thread 0x00007fd8498ac800 Uncommon trap: trap_request=0xffffff65 fr.pc=0x000000010ae17890
Event: 405.576 Thread 0x00007fd8498ac800 DEOPT PACKING pc=0x000000010ae17890 sp=0x0000700002076310
Event: 405.576 Thread 0x00007fd8498ac800 DEOPT UNPACKING pc=0x000000010984b229 sp=0x00007000020762f8 mode 2
Event: 406.212 Executing VM operation: GetOrSetLocal


Dynamic libraries:
0x000000000a866000 	/System/Library/Frameworks/Cocoa.framework/Versions/A/Cocoa
0x000000000a866000 	/System/Library/Frameworks/Security.framework/Versions/A/Security
0x000000000a866000 	/System/Library/Frameworks/ApplicationServices.framework/Versions/A/ApplicationServices
0x000000000a866000 	/usr/lib/libz.1.dylib
0x000000000a866000 	/usr/lib/libSystem.B.dylib
0x000000000a866000 	/usr/lib/libobjc.A.dylib
0x000000000a866000 	/System/Library/Frameworks/CoreFoundation.framework/Versions/A/CoreFoundation
0x000000000a866000 	/System/Library/Frameworks/Foundation.framework/Versions/C/Foundation
0x000000000a866000 	/System/Library/Frameworks/AppKit.framework/Versions/C/AppKit
0x000000000a866000 	/System/Library/Frameworks/CoreData.framework/Versions/A/CoreData
0x000000000a866000 	/System/Library/PrivateFrameworks/RemoteViewServices.framework/Versions/A/RemoteViewServices
0x000000000a866000 	/System/Library/PrivateFrameworks/UIFoundation.framework/Versions/A/UIFoundation
0x000000000a866000 	/usr/lib/libScreenReader.dylib
0x000000000a866000 	/System/Library/Frameworks/Accelerate.framework/Versions/A/Accelerate
0x000000000a866000 	/System/Library/Frameworks/IOSurface.framework/Versions/A/IOSurface
0x000000000a866000 	/System/Library/Frameworks/AudioToolbox.framework/Versions/A/AudioToolbox
0x000000000a866000 	/System/Library/Frameworks/AudioUnit.framework/Versions/A/AudioUnit
0x000000000a866000 	/System/Library/PrivateFrameworks/DataDetectorsCore.framework/Versions/A/DataDetectorsCore
0x000000000a866000 	/System/Library/PrivateFrameworks/DesktopServicesPriv.framework/Versions/A/DesktopServicesPriv
0x000000000a866000 	/System/Library/Frameworks/Carbon.framework/Versions/A/Frameworks/HIToolbox.framework/Versions/A/HIToolbox
0x000000000a866000 	/System/Library/Frameworks/QuartzCore.framework/Versions/A/QuartzCore
0x000000000a866000 	/System/Library/Frameworks/Carbon.framework/Versions/A/Frameworks/SpeechRecognition.framework/Versions/A/SpeechRecognition
0x000000000a866000 	/usr/lib/libauto.dylib
0x000000000a866000 	/usr/lib/libicucore.A.dylib
0x000000000a866000 	/usr/lib/libxml2.2.dylib
0x000000000a866000 	/System/Library/PrivateFrameworks/CoreUI.framework/Versions/A/CoreUI
0x000000000a866000 	/System/Library/Frameworks/CoreAudio.framework/Versions/A/CoreAudio
0x000000000a866000 	/System/Library/Frameworks/DiskArbitration.framework/Versions/A/DiskArbitration
0x000000000a866000 	/usr/lib/liblangid.dylib
0x000000000a866000 	/System/Library/PrivateFrameworks/MultitouchSupport.framework/Versions/A/MultitouchSupport
0x000000000a866000 	/System/Library/Frameworks/IOKit.framework/Versions/A/IOKit
0x000000000a866000 	/usr/lib/libDiagnosticMessagesClient.dylib
0x000000000a866000 	/System/Library/Frameworks/CoreServices.framework/Versions/A/CoreServices
0x000000000a866000 	/System/Library/PrivateFrameworks/PerformanceAnalysis.framework/Versions/A/PerformanceAnalysis
0x000000000a866000 	/System/Library/PrivateFrameworks/GenerationalStorage.framework/Versions/A/GenerationalStorage
0x000000000a866000 	/System/Library/Frameworks/OpenGL.framework/Versions/A/OpenGL
0x000000000a866000 	/System/Library/PrivateFrameworks/Sharing.framework/Versions/A/Sharing
0x000000000a866000 	/System/Library/Frameworks/CoreGraphics.framework/Versions/A/CoreGraphics
0x000000000a866000 	/System/Library/Frameworks/CoreImage.framework/Versions/A/CoreImage
0x000000000a866000 	/System/Library/Frameworks/CoreText.framework/Versions/A/CoreText
0x000000000a866000 	/System/Library/Frameworks/ImageIO.framework/Versions/A/ImageIO
0x000000000a866000 	/System/Library/PrivateFrameworks/Backup.framework/Versions/A/Backup
0x000000000a866000 	/usr/lib/libextension.dylib
0x000000000a866000 	/usr/lib/libarchive.2.dylib
0x000000000a866000 	/System/Library/Frameworks/CFNetwork.framework/Versions/A/CFNetwork
0x000000000a866000 	/System/Library/Frameworks/SystemConfiguration.framework/Versions/A/SystemConfiguration
0x000000000a866000 	/usr/lib/libCRFSuite.dylib
0x000000000a866000 	/usr/lib/libc++.1.dylib
0x000000000a866000 	/usr/lib/libc++abi.dylib
0x000000000a866000 	/usr/lib/system/libcache.dylib
0x000000000a866000 	/usr/lib/system/libcommonCrypto.dylib
0x000000000a866000 	/usr/lib/system/libcompiler_rt.dylib
0x000000000a866000 	/usr/lib/system/libcopyfile.dylib
0x000000000a866000 	/usr/lib/system/libcorecrypto.dylib
0x000000000a866000 	/usr/lib/system/libdispatch.dylib
0x000000000a866000 	/usr/lib/system/libdyld.dylib
0x000000000a866000 	/usr/lib/system/libkeymgr.dylib
0x000000000a866000 	/usr/lib/system/liblaunch.dylib
0x000000000a866000 	/usr/lib/system/libmacho.dylib
0x000000000a866000 	/usr/lib/system/libquarantine.dylib
0x000000000a866000 	/usr/lib/system/libremovefile.dylib
0x000000000a866000 	/usr/lib/system/libsystem_asl.dylib
0x000000000a866000 	/usr/lib/system/libsystem_blocks.dylib
0x000000000a866000 	/usr/lib/system/libsystem_c.dylib
0x000000000a866000 	/usr/lib/system/libsystem_configuration.dylib
0x000000000a866000 	/usr/lib/system/libsystem_coreservices.dylib
0x000000000a866000 	/usr/lib/system/libsystem_coretls.dylib
0x000000000a866000 	/usr/lib/system/libsystem_dnssd.dylib
0x000000000a866000 	/usr/lib/system/libsystem_info.dylib
0x000000000a866000 	/usr/lib/system/libsystem_kernel.dylib
0x000000000a866000 	/usr/lib/system/libsystem_m.dylib
0x000000000a866000 	/usr/lib/system/libsystem_malloc.dylib
0x000000000a866000 	/usr/lib/system/libsystem_network.dylib
0x000000000a866000 	/usr/lib/system/libsystem_networkextension.dylib
0x000000000a866000 	/usr/lib/system/libsystem_notify.dylib
0x000000000a866000 	/usr/lib/system/libsystem_platform.dylib
0x000000000a866000 	/usr/lib/system/libsystem_pthread.dylib
0x000000000a866000 	/usr/lib/system/libsystem_sandbox.dylib
0x000000000a866000 	/usr/lib/system/libsystem_secinit.dylib
0x000000000a866000 	/usr/lib/system/libsystem_trace.dylib
0x000000000a866000 	/usr/lib/system/libunc.dylib
0x000000000a866000 	/usr/lib/system/libunwind.dylib
0x000000000a866000 	/usr/lib/system/libxpc.dylib
0x000000000a866000 	/usr/lib/libenergytrace.dylib
0x000000000a866000 	/usr/lib/libbsm.0.dylib
0x000000000a866000 	/usr/lib/system/libkxld.dylib
0x000000000a866000 	/usr/lib/libxar.1.dylib
0x000000000a866000 	/usr/lib/libsqlite3.dylib
0x000000000a866000 	/usr/lib/libpam.2.dylib
0x000000000a866000 	/usr/lib/libOpenScriptingUtil.dylib
0x000000000a866000 	/usr/lib/libbz2.1.0.dylib
0x000000000a866000 	/usr/lib/liblzma.5.dylib
0x000000000a866000 	/System/Library/Frameworks/CoreServices.framework/Versions/A/Frameworks/FSEvents.framework/Versions/A/FSEvents
0x000000000a866000 	/System/Library/Frameworks/CoreServices.framework/Versions/A/Frameworks/CarbonCore.framework/Versions/A/CarbonCore
0x000000000a866000 	/System/Library/Frameworks/CoreServices.framework/Versions/A/Frameworks/Metadata.framework/Versions/A/Metadata
0x000000000a866000 	/System/Library/Frameworks/CoreServices.framework/Versions/A/Frameworks/OSServices.framework/Versions/A/OSServices
0x000000000a866000 	/System/Library/Frameworks/CoreServices.framework/Versions/A/Frameworks/SearchKit.framework/Versions/A/SearchKit
0x000000000a866000 	/System/Library/Frameworks/CoreServices.framework/Versions/A/Frameworks/AE.framework/Versions/A/AE
0x000000000a866000 	/System/Library/Frameworks/CoreServices.framework/Versions/A/Frameworks/LaunchServices.framework/Versions/A/LaunchServices
0x000000000a866000 	/System/Library/Frameworks/CoreServices.framework/Versions/A/Frameworks/DictionaryServices.framework/Versions/A/DictionaryServices
0x000000000a866000 	/System/Library/Frameworks/CoreServices.framework/Versions/A/Frameworks/SharedFileList.framework/Versions/A/SharedFileList
0x000000000a866000 	/System/Library/Frameworks/NetFS.framework/Versions/A/NetFS
0x000000000a866000 	/System/Library/PrivateFrameworks/NetAuth.framework/Versions/A/NetAuth
0x000000000a866000 	/System/Library/PrivateFrameworks/login.framework/Versions/A/Frameworks/loginsupport.framework/Versions/A/loginsupport
0x000000000a866000 	/System/Library/PrivateFrameworks/TCC.framework/Versions/A/TCC
0x000000000a866000 	/usr/lib/libmecabra.dylib
0x000000000a866000 	/System/Library/Frameworks/ApplicationServices.framework/Versions/A/Frameworks/ATS.framework/Versions/A/ATS
0x000000000a866000 	/System/Library/Frameworks/ApplicationServices.framework/Versions/A/Frameworks/ColorSync.framework/Versions/A/ColorSync
0x000000000a866000 	/System/Library/Frameworks/ApplicationServices.framework/Versions/A/Frameworks/HIServices.framework/Versions/A/HIServices
0x000000000a866000 	/System/Library/Frameworks/ApplicationServices.framework/Versions/A/Frameworks/LangAnalysis.framework/Versions/A/LangAnalysis
0x000000000a866000 	/System/Library/Frameworks/ApplicationServices.framework/Versions/A/Frameworks/PrintCore.framework/Versions/A/PrintCore
0x000000000a866000 	/System/Library/Frameworks/ApplicationServices.framework/Versions/A/Frameworks/QD.framework/Versions/A/QD
0x000000000a866000 	/System/Library/Frameworks/ApplicationServices.framework/Versions/A/Frameworks/SpeechSynthesis.framework/Versions/A/SpeechSynthesis
0x000000000a866000 	/System/Library/Frameworks/Metal.framework/Versions/A/Metal
0x000000000a866000 	/System/Library/Frameworks/Accelerate.framework/Versions/A/Frameworks/vImage.framework/Versions/A/vImage
0x000000000a866000 	/System/Library/Frameworks/Accelerate.framework/Versions/A/Frameworks/vecLib.framework/Versions/A/vecLib
0x000000000a866000 	/System/Library/Frameworks/Accelerate.framework/Versions/A/Frameworks/vecLib.framework/Versions/A/libvDSP.dylib
0x000000000a866000 	/System/Library/Frameworks/Accelerate.framework/Versions/A/Frameworks/vecLib.framework/Versions/A/libvMisc.dylib
0x000000000a866000 	/System/Library/Frameworks/Accelerate.framework/Versions/A/Frameworks/vecLib.framework/Versions/A/libLAPACK.dylib
0x000000000a866000 	/System/Library/Frameworks/Accelerate.framework/Versions/A/Frameworks/vecLib.framework/Versions/A/libBLAS.dylib
0x000000000a866000 	/System/Library/Frameworks/Accelerate.framework/Versions/A/Frameworks/vecLib.framework/Versions/A/libLinearAlgebra.dylib
0x000000000a866000 	/System/Library/Frameworks/Accelerate.framework/Versions/A/Frameworks/vecLib.framework/Versions/A/libSparseBLAS.dylib
0x000000000a866000 	/System/Library/PrivateFrameworks/GPUCompiler.framework/libmetal_timestamp.dylib
0x000000000a866000 	/System/Library/Frameworks/OpenGL.framework/Versions/A/Libraries/libCoreFSCache.dylib
0x000000000a866000 	/System/Library/PrivateFrameworks/IOAccelerator.framework/Versions/A/IOAccelerator
0x000000000a866000 	/System/Library/Frameworks/ApplicationServices.framework/Versions/A/Frameworks/ATS.framework/Versions/A/Resources/libFontParser.dylib
0x000000000a866000 	/System/Library/Frameworks/ApplicationServices.framework/Versions/A/Frameworks/ATS.framework/Versions/A/Resources/libFontRegistry.dylib
0x000000000a866000 	/System/Library/PrivateFrameworks/AppleVPA.framework/Versions/A/AppleVPA
0x000000000a866000 	/System/Library/PrivateFrameworks/AppleJPEG.framework/Versions/A/AppleJPEG
0x000000000a866000 	/System/Library/Frameworks/ImageIO.framework/Versions/A/Resources/libJPEG.dylib
0x000000000a866000 	/System/Library/Frameworks/ImageIO.framework/Versions/A/Resources/libTIFF.dylib
0x000000000a866000 	/System/Library/Frameworks/ImageIO.framework/Versions/A/Resources/libPng.dylib
0x000000000a866000 	/System/Library/Frameworks/ImageIO.framework/Versions/A/Resources/libGIF.dylib
0x000000000a866000 	/System/Library/Frameworks/ImageIO.framework/Versions/A/Resources/libJP2.dylib
0x000000000a866000 	/System/Library/Frameworks/ImageIO.framework/Versions/A/Resources/libRadiance.dylib
0x000000000a866000 	/System/Library/Frameworks/CoreVideo.framework/Versions/A/CoreVideo
0x000000000a866000 	/System/Library/Frameworks/OpenGL.framework/Versions/A/Libraries/libGLU.dylib
0x000000000a866000 	/System/Library/Frameworks/OpenGL.framework/Versions/A/Libraries/libGFXShared.dylib
0x000000000a866000 	/System/Library/Frameworks/OpenGL.framework/Versions/A/Libraries/libGL.dylib
0x000000000a866000 	/System/Library/Frameworks/OpenGL.framework/Versions/A/Libraries/libGLImage.dylib
0x000000000a866000 	/System/Library/Frameworks/OpenGL.framework/Versions/A/Libraries/libCVMSPluginSupport.dylib
0x000000000a866000 	/System/Library/Frameworks/OpenGL.framework/Versions/A/Libraries/libCoreVMClient.dylib
0x000000000a866000 	/usr/lib/libcompression.dylib
0x000000000a866000 	/usr/lib/libcups.2.dylib
0x000000000a866000 	/System/Library/Frameworks/Kerberos.framework/Versions/A/Kerberos
0x000000000a866000 	/System/Library/Frameworks/GSS.framework/Versions/A/GSS
0x000000000a866000 	/usr/lib/libresolv.9.dylib
0x000000000a866000 	/usr/lib/libiconv.2.dylib
0x000000000a866000 	/System/Library/PrivateFrameworks/Heimdal.framework/Versions/A/Heimdal
0x000000000a866000 	/usr/lib/libheimdal-asn1.dylib
0x000000000a866000 	/System/Library/Frameworks/OpenDirectory.framework/Versions/A/OpenDirectory
0x000000000a866000 	/System/Library/PrivateFrameworks/CommonAuth.framework/Versions/A/CommonAuth
0x000000000a866000 	/System/Library/Frameworks/OpenDirectory.framework/Versions/A/Frameworks/CFOpenDirectory.framework/Versions/A/CFOpenDirectory
0x000000000a866000 	/System/Library/Frameworks/SecurityFoundation.framework/Versions/A/SecurityFoundation
0x000000000a866000 	/System/Library/PrivateFrameworks/LanguageModeling.framework/Versions/A/LanguageModeling
0x000000000a866000 	/usr/lib/libmarisa.dylib
0x000000000a866000 	/usr/lib/libChineseTokenizer.dylib
0x000000000a866000 	/usr/lib/libcmph.dylib
0x000000000a866000 	/System/Library/Frameworks/ServiceManagement.framework/Versions/A/ServiceManagement
0x000000000a866000 	/usr/lib/libxslt.1.dylib
0x000000000a866000 	/System/Library/Frameworks/Carbon.framework/Versions/A/Frameworks/Ink.framework/Versions/A/Ink
0x000000000a866000 	/usr/lib/libFosl_dynamic.dylib
0x000000000a866000 	/System/Library/PrivateFrameworks/FaceCore.framework/Versions/A/FaceCore
0x000000000a866000 	/System/Library/Frameworks/OpenCL.framework/Versions/A/OpenCL
0x000000000a866000 	/System/Library/PrivateFrameworks/CrashReporterSupport.framework/Versions/A/CrashReporterSupport
0x000000000a866000 	/System/Library/PrivateFrameworks/IconServices.framework/Versions/A/IconServices
0x000000000a866000 	/System/Library/PrivateFrameworks/Apple80211.framework/Versions/A/Apple80211
0x000000000a866000 	/System/Library/Frameworks/CoreWLAN.framework/Versions/A/CoreWLAN
0x000000000a866000 	/System/Library/Frameworks/IOBluetooth.framework/Versions/A/IOBluetooth
0x000000000a866000 	/System/Library/PrivateFrameworks/CoreWiFi.framework/Versions/A/CoreWiFi
0x000000000a866000 	/System/Library/Frameworks/CoreBluetooth.framework/Versions/A/CoreBluetooth
0x000000000a866000 	/System/Library/PrivateFrameworks/ChunkingLibrary.framework/Versions/A/ChunkingLibrary
0x000000000a866000 	/System/Library/PrivateFrameworks/DebugSymbols.framework/Versions/A/DebugSymbols
0x000000000a866000 	/System/Library/PrivateFrameworks/CoreSymbolication.framework/Versions/A/CoreSymbolication
0x000000000a866000 	/System/Library/PrivateFrameworks/Symbolication.framework/Versions/A/Symbolication
0x000000000a866000 	/System/Library/PrivateFrameworks/SpeechRecognitionCore.framework/Versions/A/SpeechRecognitionCore
0x0000000108800000 	/Library/Java/JavaVirtualMachines/jdk1.8.0_51.jdk/Contents/Home/jre/lib/server/libjvm.dylib
0x000000000a866000 	/usr/lib/libstdc++.6.dylib
0x0000000107fdc000 	/Library/Java/JavaVirtualMachines/jdk1.8.0_51.jdk/Contents/Home/jre/lib/libverify.dylib
0x0000000109769000 	/Library/Java/JavaVirtualMachines/jdk1.8.0_51.jdk/Contents/Home/jre/lib/libjava.dylib
0x000000010979e000 	/Library/Java/JavaVirtualMachines/jdk1.8.0_51.jdk/Contents/Home/jre/lib/libjdwp.dylib
0x00000001097e9000 	/Library/Java/JavaVirtualMachines/jdk1.8.0_51.jdk/Contents/Home/jre/lib/libinstrument.dylib
0x0000000107fec000 	/Library/Java/JavaVirtualMachines/jdk1.8.0_51.jdk/Contents/Home/jre/lib/libnpt.dylib
0x000000010983d000 	/Library/Java/JavaVirtualMachines/jdk1.8.0_51.jdk/Contents/Home/jre/lib/libzip.dylib
0x000000011cc18000 	/System/Library/Frameworks/JavaVM.framework/Frameworks/JavaRuntimeSupport.framework/JavaRuntimeSupport
0x000000011cc33000 	/System/Library/Frameworks/JavaVM.framework/Versions/A/Frameworks/JavaNativeFoundation.framework/Versions/A/JavaNativeFoundation
0x000000011cc48000 	/System/Library/Frameworks/JavaVM.framework/Versions/A/JavaVM
0x000000000a866000 	/System/Library/Frameworks/Carbon.framework/Versions/A/Carbon
0x000000011cc55000 	/System/Library/PrivateFrameworks/JavaLaunching.framework/Versions/A/JavaLaunching
0x000000000a866000 	/System/Library/Frameworks/Carbon.framework/Versions/A/Frameworks/CommonPanels.framework/Versions/A/CommonPanels
0x000000000a866000 	/System/Library/Frameworks/Carbon.framework/Versions/A/Frameworks/Help.framework/Versions/A/Help
0x000000000a866000 	/System/Library/Frameworks/Carbon.framework/Versions/A/Frameworks/ImageCapture.framework/Versions/A/ImageCapture
0x000000000a866000 	/System/Library/Frameworks/Carbon.framework/Versions/A/Frameworks/OpenScripting.framework/Versions/A/OpenScripting
0x000000000a866000 	/System/Library/Frameworks/Carbon.framework/Versions/A/Frameworks/Print.framework/Versions/A/Print
0x000000000a866000 	/System/Library/Frameworks/Carbon.framework/Versions/A/Frameworks/SecurityHI.framework/Versions/A/SecurityHI
0x000000011e64c000 	/Library/Java/JavaVirtualMachines/jdk1.8.0_51.jdk/Contents/Home/jre/lib/libnet.dylib
0x000000011e98b000 	/Library/Java/JavaVirtualMachines/jdk1.8.0_51.jdk/Contents/Home/jre/lib/libsunec.dylib
0x000000011e9b8000 	/Library/Java/JavaVirtualMachines/jdk1.8.0_51.jdk/Contents/Home/jre/lib/libnio.dylib
0x000000011eef2000 	/Library/Java/JavaVirtualMachines/jdk1.8.0_51.jdk/Contents/Home/jre/lib/libmanagement.dylib
0x000000011eeff000 	/Library/Java/JavaVirtualMachines/jdk1.8.0_51.jdk/Contents/Home/jre/lib/libdt_socket.dylib

VM Arguments:
jvm_args: -Xmx1024m -Xms512m -Xdebug -Xnoagent -Djava.compiler=NONE -Xrunjdwp:transport=dt_socket,address=8081,server=y,suspend=n -javaagent:/Users/nikola/Documents/Java/dev/jrebel/jrebel.jar -Dclassworlds.conf=/Users/nikola/Documents/Java/dev/apache-maven-3.3.1/bin/m2.conf -Dmaven.home=/Users/nikola/Documents/Java/dev/apache-maven-3.3.1 -Dmaven.multiModuleProjectDirectory=/Users/nikola/git/prosolo-multimodule/prosolo-main 
java_command: org.codehaus.plexus.classworlds.launcher.Launcher jetty:run
java_class_path (initial): /Users/nikola/Documents/Java/dev/apache-maven-3.3.1/boot/plexus-classworlds-2.5.2.jar:/Users/nikola/Documents/Java/dev/jrebel/jrebel.jar
Launcher Type: SUN_STANDARD

Environment Variables:
JAVA_HOME=/Library/Java/JavaVirtualMachines/jdk1.8.0_51.jdk/Contents/Home
PATH=/usr/bin:/bin:/usr/sbin:/sbin
SHELL=/bin/bash

Signal Handlers:
SIGSEGV: [libjvm.dylib+0x58ef35], sa_mask[0]=11111111011111110111111111111111, sa_flags=SA_ONSTACK|SA_RESTART|SA_SIGINFO
SIGBUS: [libjvm.dylib+0x58ef35], sa_mask[0]=11111111011111110111111111111111, sa_flags=SA_RESTART|SA_SIGINFO
SIGFPE: [libjvm.dylib+0x46c028], sa_mask[0]=11111111011111110111111111111111, sa_flags=SA_RESTART|SA_SIGINFO
SIGPIPE: [libjvm.dylib+0x46c028], sa_mask[0]=11111111011111110111111111111111, sa_flags=SA_RESTART|SA_SIGINFO
SIGXFSZ: [libjvm.dylib+0x46c028], sa_mask[0]=11111111011111110111111111111111, sa_flags=SA_RESTART|SA_SIGINFO
SIGILL: [libjvm.dylib+0x46c028], sa_mask[0]=11111111011111110111111111111111, sa_flags=SA_RESTART|SA_SIGINFO
SIGUSR1: SIG_DFL, sa_mask[0]=00000000000000000000000000000000, sa_flags=none
SIGUSR2: [libjvm.dylib+0x46bb46], sa_mask[0]=00100000000000000000000000000000, sa_flags=SA_RESTART|SA_SIGINFO
SIGHUP: [libjvm.dylib+0x46a119], sa_mask[0]=11111111011111110111111111111111, sa_flags=SA_RESTART|SA_SIGINFO
SIGINT: [libjvm.dylib+0x46a119], sa_mask[0]=11111111011111110111111111111111, sa_flags=SA_RESTART|SA_SIGINFO
SIGTERM: [libjvm.dylib+0x46a119], sa_mask[0]=11111111011111110111111111111111, sa_flags=SA_RESTART|SA_SIGINFO
SIGQUIT: [libjvm.dylib+0x46a119], sa_mask[0]=11111111011111110111111111111111, sa_flags=SA_RESTART|SA_SIGINFO


---------------  S Y S T E M  ---------------

OS:Bsduname:Darwin 15.6.0 Darwin Kernel Version 15.6.0: Thu Jun 23 18:25:34 PDT 2016; root:xnu-3248.60.10~1/RELEASE_X86_64 x86_64
rlimit: STACK 8192k, CORE 0k, NPROC 709, NOFILE 10240, AS infinity
load average:3.67 4.23 3.94

CPU:total 4 (2 cores per cpu, 2 threads per core) family 6 model 69 stepping 1, cmov, cx8, fxsr, mmx, sse, sse2, sse3, ssse3, sse4.1, sse4.2, popcnt, avx, avx2, aes, clmul, erms, lzcnt, ht, tsc, tscinvbit, bmi1, bmi2

Memory: 4k page, physical 8388608k(74688k free)

/proc/meminfo:


vm_info: Java HotSpot(TM) 64-Bit Server VM (25.51-b03) for bsd-amd64 JRE (1.8.0_51-b16), built on Jun  8 2015 18:01:11 by "java_re" with gcc 4.2.1 (Based on Apple Inc. build 5658) (LLVM build 2336.11.00)

time: Fri Sep  2 16:10:20 2016
elapsed time: 406 seconds (0d 0h 6m 46s)

