#
# A fatal error has been detected by the Java Runtime Environment:
#
#  EXCEPTION_ACCESS_VIOLATION (0xc0000005) at pc=0x0000000074be8d85, pid=9736, tid=10984
#
# JRE version: Java(TM) SE Runtime Environment (8.0_77-b03) (build 1.8.0_77-b03)
# Java VM: Java HotSpot(TM) 64-Bit Server VM (25.77-b03 mixed mode windows-amd64 compressed oops)
# Problematic frame:
# V  [jvm.dll+0x128d85]
#
# Failed to write core dump. Minidumps are not enabled by default on client versions of Windows
#
# If you would like to submit a bug report, please visit:
#   http://bugreport.java.com/bugreport/crash.jsp
#

---------------  T H R E A D  ---------------

Current thread (0x0000000015e4c000):  JavaThread "JDWP Transport Listener: dt_socket" daemon [_thread_in_vm, id=10984, stack(0x00000000163a0000,0x00000000164a0000)]

siginfo: ExceptionCode=0xc0000005, reading address 0x0000000000001001

Registers:
RAX=0x000000001649f801, RBX=0x0000000015e4c000, RCX=0x0000000000001001, RDX=0x0000000000000000
RSP=0x000000001649f7f0, RBP=0x0000000000001001, RSI=0x000000001649f908, RDI=0x000000000091a3e0
R8 =0x0000000015e4c000, R9 =0x0000000000008000, R10=0x0000000000000000, R11=0x0000000023b3dae8
R12=0x0000000000000000, R13=0x0000000015e4c808, R14=0x0000000000000000, R15=0x0000000000000000
RIP=0x0000000074be8d85, EFLAGS=0x0000000000010202

Top of Stack: (sp=0x000000001649f7f0)
0x000000001649f7f0:   0000000015e4c000 0000000015e4c000
0x000000001649f800:   000000001649f8b8 0000000074dee33b
0x000000001649f810:   0000000015e4c000 0000000074e0ab9d
0x000000001649f820:   0000000000000000 0000000074a99155
0x000000001649f830:   0000000024e290e8 0000000074aa291e
0x000000001649f840:   0000000015e4c000 0000000000000000
0x000000001649f850:   0000000000000000 0000000000000000
0x000000001649f860:   0000000000001001 0000000074aa1a15
0x000000001649f870:   000000001649f908 000000001649f8e0
0x000000001649f880:   0000000000000001 0000000024e290e8
0x000000001649f890:   0000000000001001 0000000074a853b3
0x000000001649f8a0:   000000001649f9d0 0000000000000001
0x000000001649f8b0:   0000000000000001 0000000024e290e8
0x000000001649f8c0:   00000000f000100a 0000000000000000
0x000000001649f8d0:   0000000000000000 0000000000000000
0x000000001649f8e0:   0000000000000001 0000000074a85571 

Instructions: (pc=0x0000000074be8d85)
0x0000000074be8d65:   cc cc cc cc cc cc cc cc cc cc cc 48 83 ec 28 48
0x0000000074be8d75:   85 c9 75 07 33 c0 48 83 c4 28 c3 48 89 5c 24 20
0x0000000074be8d85:   48 8b 19 48 85 db 74 20 48 83 fb 37 74 1a 48 8b
0x0000000074be8d95:   13 48 8b cb ff 52 10 84 c0 74 0d 48 8b c3 48 8b 


Register to memory mapping:

RAX=0x000000001649f801 is pointing into the stack for thread: 0x0000000015e4c000
RBX=0x0000000015e4c000 is a thread
RCX=0x0000000000001001 is an unknown value
RDX=0x0000000000000000 is an unknown value
RSP=0x000000001649f7f0 is pointing into the stack for thread: 0x0000000015e4c000
RBP=0x0000000000001001 is an unknown value
RSI=0x000000001649f908 is pointing into the stack for thread: 0x0000000015e4c000
RDI=0x000000000091a3e0 is an unknown value
R8 =0x0000000015e4c000 is a thread
R9 =0x0000000000008000 is an unknown value
R10=0x0000000000000000 is an unknown value
R11=0x0000000023b3dae8 is an unknown value
R12=0x0000000000000000 is an unknown value
R13=0x0000000015e4c808 is an unknown value
R14=0x0000000000000000 is an unknown value
R15=0x0000000000000000 is an unknown value


Stack: [0x00000000163a0000,0x00000000164a0000],  sp=0x000000001649f7f0,  free space=1021k
Native frames: (J=compiled Java code, j=interpreted, Vv=VM code, C=native code)
V  [jvm.dll+0x128d85]
V  [jvm.dll+0x34ab9d]
C  [jdwp.dll+0x21a15]
C  [jdwp.dll+0x53b3]
C  [jdwp.dll+0x5571]
C  [jdwp.dll+0xf0a8]
C  [jdwp.dll+0x1f2d5]
C  [jdwp.dll+0x1f41e]
V  [jvm.dll+0x1bba58]
V  [jvm.dll+0x243434]
V  [jvm.dll+0x29a27a]
C  [msvcr100.dll+0x21d9f]
C  [msvcr100.dll+0x21e3b]
C  [KERNEL32.DLL+0x8364]
C  [ntdll.dll+0x670d1]


---------------  P R O C E S S  ---------------

Java Threads: ( => current thread )
  0x000000001f065800 JavaThread "JDWP Command Reader" daemon [_thread_in_native, id=14296, stack(0x000000003efd0000,0x000000003f0d0000)]
  0x0000000024b43000 JavaThread "elasticsearch[Omen][generic][T#2]" daemon [_thread_blocked, id=7912, stack(0x000000003eed0000,0x000000003efd0000)]
  0x0000000024b41800 JavaThread "pool-4-thread-10" [_thread_blocked, id=10624, stack(0x000000003e150000,0x000000003e250000)]
  0x0000000024b48000 JavaThread "pool-4-thread-9" [_thread_blocked, id=8436, stack(0x000000003e050000,0x000000003e150000)]
  0x0000000024b46800 JavaThread "pool-4-thread-8" [_thread_blocked, id=328, stack(0x000000003df50000,0x000000003e050000)]
  0x0000000024b44800 JavaThread "pool-4-thread-7" [_thread_blocked, id=12076, stack(0x000000003de50000,0x000000003df50000)]
  0x0000000024b47800 JavaThread "pool-4-thread-6" [_thread_blocked, id=9256, stack(0x000000003dd50000,0x000000003de50000)]
  0x0000000024b43800 JavaThread "pool-4-thread-5" [_thread_blocked, id=11180, stack(0x000000003dc50000,0x000000003dd50000)]
  0x000000002ff92800 JavaThread "pool-4-thread-4" [_thread_blocked, id=6780, stack(0x000000003db50000,0x000000003dc50000)]
  0x0000000033d1b800 JavaThread "pool-4-thread-3" [_thread_blocked, id=11620, stack(0x000000003da50000,0x000000003db50000)]
  0x0000000033d1a800 JavaThread "pool-4-thread-2" [_thread_blocked, id=8460, stack(0x000000003d950000,0x000000003da50000)]
  0x0000000033d0f800 JavaThread "pool-4-thread-1" [_thread_blocked, id=2796, stack(0x000000003d850000,0x000000003d950000)]
  0x0000000033d19000 JavaThread "qtp1397187309-119" [_thread_blocked, id=3196, stack(0x000000003d350000,0x000000003d450000)]
  0x0000000033d11000 JavaThread "qtp1397187309-117" [_thread_in_native, id=2920, stack(0x000000003d150000,0x000000003d250000)]
  0x0000000033d17800 JavaThread "Console scanner" daemon [_thread_blocked, id=10560, stack(0x000000003d050000,0x000000003d150000)]
  0x0000000033d10000 JavaThread "elasticsearch[Omen][transport_client_timer][T#1]{Hashed wheel timer #1}" daemon [_thread_blocked, id=752, stack(0x000000003c450000,0x000000003c550000)]
  0x0000000033d11800 JavaThread "elasticsearch[Omen][transport_client_boss][T#1]{New I/O boss #9}" daemon [_thread_in_native, id=6736, stack(0x000000003c150000,0x000000003c250000)]
  0x0000000033d0e800 JavaThread "elasticsearch[Omen][transport_client_worker][T#8]{New I/O worker #8}" daemon [_thread_in_native, id=7256, stack(0x000000003c050000,0x000000003c150000)]
  0x0000000033d13000 JavaThread "elasticsearch[Omen][transport_client_worker][T#7]{New I/O worker #7}" daemon [_thread_in_native, id=3336, stack(0x000000003bf50000,0x000000003c050000)]
  0x000000002d3b7000 JavaThread "elasticsearch[Omen][transport_client_worker][T#6]{New I/O worker #6}" daemon [_thread_in_native, id=10148, stack(0x000000003be50000,0x000000003bf50000)]
  0x000000002ff9e800 JavaThread "elasticsearch[Omen][transport_client_worker][T#5]{New I/O worker #5}" daemon [_thread_in_native, id=4384, stack(0x000000003bd50000,0x000000003be50000)]
  0x000000002ff9d800 JavaThread "elasticsearch[Omen][transport_client_worker][T#4]{New I/O worker #4}" daemon [_thread_in_native, id=812, stack(0x000000003bc50000,0x000000003bd50000)]
  0x000000002ff9c000 JavaThread "elasticsearch[Omen][transport_client_worker][T#3]{New I/O worker #3}" daemon [_thread_in_native, id=6660, stack(0x000000003bb50000,0x000000003bc50000)]
  0x000000002ff9a800 JavaThread "elasticsearch[Omen][transport_client_worker][T#2]{New I/O worker #2}" daemon [_thread_in_native, id=14288, stack(0x000000003ba50000,0x000000003bb50000)]
  0x000000002ff9b800 JavaThread "elasticsearch[Omen][transport_client_worker][T#1]{New I/O worker #1}" daemon [_thread_in_native, id=11628, stack(0x000000003b680000,0x000000003b780000)]
  0x000000002ff9a000 JavaThread "elasticsearch[Omen][scheduler][T#1]" daemon [_thread_blocked, id=14180, stack(0x000000003b580000,0x000000003b680000)]
  0x000000002ff9d000 JavaThread "elasticsearch[Omen][[timer]]" daemon [_thread_blocked, id=9392, stack(0x000000003a9b0000,0x000000003aab0000)]
  0x000000002ff99000 JavaThread "Timer-4" daemon [_thread_blocked, id=2776, stack(0x000000003a7b0000,0x000000003a8b0000)]
  0x000000002ff98800 JavaThread "Timer-3" daemon [_thread_blocked, id=3808, stack(0x000000003a6b0000,0x000000003a7b0000)]
  0x000000002ff91000 JavaThread "org.springframework.scheduling.quartz.SchedulerFactoryBean#0_QuartzSchedulerThread" [_thread_blocked, id=7012, stack(0x000000003a5b0000,0x000000003a6b0000)]
  0x000000002ff97800 JavaThread "org.springframework.scheduling.quartz.SchedulerFactoryBean#0_Worker-10" [_thread_blocked, id=11012, stack(0x000000003a4b0000,0x000000003a5b0000)]
  0x000000002ff93000 JavaThread "org.springframework.scheduling.quartz.SchedulerFactoryBean#0_Worker-9" [_thread_blocked, id=1456, stack(0x000000003a3b0000,0x000000003a4b0000)]
  0x000000002ff90000 JavaThread "org.springframework.scheduling.quartz.SchedulerFactoryBean#0_Worker-8" [_thread_blocked, id=8688, stack(0x000000003a2b0000,0x000000003a3b0000)]
  0x000000002ff97000 JavaThread "org.springframework.scheduling.quartz.SchedulerFactoryBean#0_Worker-7" [_thread_blocked, id=8684, stack(0x000000003a1b0000,0x000000003a2b0000)]
  0x000000002ff8f800 JavaThread "org.springframework.scheduling.quartz.SchedulerFactoryBean#0_Worker-6" [_thread_blocked, id=7380, stack(0x000000003a0b0000,0x000000003a1b0000)]
  0x000000002ff91800 JavaThread "org.springframework.scheduling.quartz.SchedulerFactoryBean#0_Worker-5" [_thread_blocked, id=10288, stack(0x0000000039fb0000,0x000000003a0b0000)]
  0x000000002ff96000 JavaThread "org.springframework.scheduling.quartz.SchedulerFactoryBean#0_Worker-4" [_thread_blocked, id=2356, stack(0x0000000039eb0000,0x0000000039fb0000)]
  0x000000002ff95800 JavaThread "org.springframework.scheduling.quartz.SchedulerFactoryBean#0_Worker-3" [_thread_blocked, id=3508, stack(0x0000000039db0000,0x0000000039eb0000)]
  0x000000002ff94000 JavaThread "org.springframework.scheduling.quartz.SchedulerFactoryBean#0_Worker-2" [_thread_blocked, id=9840, stack(0x0000000039cb0000,0x0000000039db0000)]
  0x000000002ff94800 JavaThread "org.springframework.scheduling.quartz.SchedulerFactoryBean#0_Worker-1" [_thread_blocked, id=12660, stack(0x0000000039bb0000,0x0000000039cb0000)]
  0x000000002d3bc800 JavaThread "MultiThreadedHttpConnectionManager cleanup" daemon [_thread_blocked, id=1580, stack(0x00000000392b0000,0x00000000393b0000)]
  0x000000002d3bb800 JavaThread "Metadata-reload" daemon [_thread_blocked, id=11804, stack(0x00000000391b0000,0x00000000392b0000)]
  0x000000002d3bb000 JavaThread "Timer-2" daemon [_thread_blocked, id=8556, stack(0x00000000390b0000,0x00000000391b0000)]
  0x000000002d3ba000 JavaThread "Timer-1" daemon [_thread_blocked, id=6840, stack(0x0000000038fb0000,0x00000000390b0000)]
  0x000000002d3b8800 JavaThread "Timer-0" daemon [_thread_blocked, id=12144, stack(0x0000000038eb0000,0x0000000038fb0000)]
  0x0000000018b0a800 JavaThread "org.hibernate.cache.internal.StandardQueryCache.data" daemon [_thread_blocked, id=3568, stack(0x00000000387b0000,0x00000000388b0000)]
  0x00000000182e2800 JavaThread "org.hibernate.cache.spi.UpdateTimestampsCache.data" daemon [_thread_blocked, id=7776, stack(0x00000000386b0000,0x00000000387b0000)]
  0x00000000182df800 JavaThread "net.sf.ehcache.CacheManager@770ad1f0" daemon [_thread_blocked, id=11780, stack(0x00000000385b0000,0x00000000386b0000)]
  0x0000000018b15000 JavaThread "Tomcat JDBC Pool Cleaner[47479558:1493810342230]" daemon [_thread_blocked, id=10828, stack(0x00000000384b0000,0x00000000385b0000)]
  0x0000000018b15800 JavaThread "JR-spring-cleaner" daemon [_thread_blocked, id=2308, stack(0x0000000035a90000,0x0000000035b90000)]
  0x0000000018b16800 JavaThread "org.eclipse.jetty.server.session.HashSessionManager@6c9b6332Timer" daemon [_thread_blocked, id=12420, stack(0x0000000035790000,0x0000000035890000)]
  0x0000000018b12000 JavaThread "rebel/pool-1-thread-1" daemon [_thread_blocked, id=6356, stack(0x000000002a630000,0x000000002a730000)]
  0x0000000018b09800 JavaThread "qtp1397187309-58-acceptor-0@148f23c9-ServerConnector@931ebad{HTTP/1.1,[http/1.1]}{0.0.0.0:8080}" [_thread_in_native, id=9648, stack(0x0000000021540000,0x0000000021640000)]
  0x0000000018b10800 JavaThread "qtp1397187309-57" [_thread_blocked, id=996, stack(0x0000000021440000,0x0000000021540000)]
  0x0000000018b09000 JavaThread "qtp1397187309-56" [_thread_blocked, id=11376, stack(0x00000000202c0000,0x00000000203c0000)]
  0x0000000018b0f800 JavaThread "qtp1397187309-55" [_thread_blocked, id=10364, stack(0x00000000201c0000,0x00000000202c0000)]
  0x0000000018b0f000 JavaThread "qtp1397187309-54" [_thread_blocked, id=8516, stack(0x00000000200c0000,0x00000000201c0000)]
  0x0000000018b0c800 JavaThread "qtp1397187309-53" [_thread_in_native, id=4772, stack(0x000000001fd10000,0x000000001fe10000)]
  0x0000000018b07800 JavaThread "qtp1397187309-52" [_thread_blocked, id=11420, stack(0x000000001fc10000,0x000000001fd10000)]
  0x0000000018b0b000 JavaThread "rebel-weak-reaper" daemon [_thread_blocked, id=13416, stack(0x000000001b1a0000,0x000000001b2a0000)]
  0x0000000018b0d800 JavaThread "rebel-change-detector-thread" daemon [_thread_blocked, id=6528, stack(0x0000000019dd0000,0x0000000019ed0000)]
  0x00000000182e0000 JavaThread "rebel-debugger-thread" daemon [_thread_blocked, id=8996, stack(0x0000000019cd0000,0x0000000019dd0000)]
  0x00000000182e4000 JavaThread "rebel-heartbeat-thread" daemon [_thread_blocked, id=5384, stack(0x0000000019bd0000,0x0000000019cd0000)]
  0x00000000182e1800 JavaThread "rebel-redeploy-thread" daemon [_thread_blocked, id=7676, stack(0x00000000199d0000,0x0000000019ad0000)]
  0x00000000182de800 JavaThread "rebel-messaging-executor-32" daemon [_thread_blocked, id=10644, stack(0x00000000197d0000,0x00000000198d0000)]
  0x00000000182e4800 JavaThread "rebel-cache-writer" daemon [_thread_blocked, id=876, stack(0x00000000196d0000,0x00000000197d0000)]
  0x00000000182e3000 JavaThread "rebel-fsnotify-ShutdownOnTermination" daemon [_thread_in_native, id=1868, stack(0x00000000195d0000,0x00000000196d0000)]
  0x00000000182e1000 JavaThread "rebel-fsnotify-OutputReader" daemon [_thread_blocked, id=3104, stack(0x00000000194d0000,0x00000000195d0000)]
  0x00000000182e5800 JavaThread "rebel-fsnotify-OutputReader" daemon [_thread_blocked, id=6032, stack(0x00000000193d0000,0x00000000194d0000)]
  0x0000000016177000 JavaThread "rebel-CacheKeepAlive" daemon [_thread_blocked, id=4216, stack(0x00000000172e0000,0x00000000173e0000)]
  0x0000000015fba000 JavaThread "rebel-logger" daemon [_thread_blocked, id=5600, stack(0x0000000016aa0000,0x0000000016ba0000)]
  0x0000000015ec7800 JavaThread "Service Thread" daemon [_thread_blocked, id=11008, stack(0x00000000168a0000,0x00000000169a0000)]
  0x0000000015e61000 JavaThread "C1 CompilerThread2" daemon [_thread_blocked, id=9096, stack(0x00000000167a0000,0x00000000168a0000)]
  0x0000000015e5f000 JavaThread "C2 CompilerThread1" daemon [_thread_in_native, id=11968, stack(0x00000000166a0000,0x00000000167a0000)]
  0x0000000015e5e000 JavaThread "C2 CompilerThread0" daemon [_thread_blocked, id=2272, stack(0x00000000165a0000,0x00000000166a0000)]
  0x0000000015e50800 JavaThread "JDWP Event Helper Thread" daemon [_thread_blocked, id=8724, stack(0x00000000164a0000,0x00000000165a0000)]
=>0x0000000015e4c000 JavaThread "JDWP Transport Listener: dt_socket" daemon [_thread_in_vm, id=10984, stack(0x00000000163a0000,0x00000000164a0000)]
  0x0000000014998000 JavaThread "Attach Listener" daemon [_thread_blocked, id=10328, stack(0x00000000162a0000,0x00000000163a0000)]
  0x0000000014997000 JavaThread "Signal Dispatcher" daemon [_thread_blocked, id=11452, stack(0x00000000161a0000,0x00000000162a0000)]
  0x000000001497b000 JavaThread "Finalizer" daemon [_thread_blocked, id=7152, stack(0x0000000015bb0000,0x0000000015cb0000)]
  0x0000000014972000 JavaThread "Reference Handler" daemon [_thread_blocked, id=11340, stack(0x0000000015ab0000,0x0000000015bb0000)]
  0x0000000002192800 JavaThread "main" [_thread_blocked, id=11560, stack(0x0000000002070000,0x0000000002170000)]

Other Threads:
  0x000000001496c800 VMThread [stack: 0x00000000159b0000,0x0000000015ab0000] [id=11032]
  0x0000000015f24000 WatcherThread [stack: 0x00000000169a0000,0x0000000016aa0000] [id=13204]

VM state:synchronizing (normal execution)

VM Mutex/Monitor currently owned by a thread:  ([mutex/lock_event])
[0x000000000091de70] Threads_lock - owner thread: 0x000000001496c800
[0x0000000002190750] Compile_lock - owner thread: 0x0000000018b0d800

Heap:
 PSYoungGen      total 277504K, used 203271K [0x00000000eab00000, 0x00000000ffd00000, 0x0000000100000000)
  eden space 210944K, 85% used [0x00000000eab00000,0x00000000f5af8798,0x00000000f7900000)
  from space 66560K, 34% used [0x00000000fbc00000,0x00000000fd289680,0x00000000ffd00000)
  to   space 67584K, 0% used [0x00000000f7900000,0x00000000f7900000,0x00000000fbb00000)
 ParOldGen       total 699392K, used 152308K [0x00000000c0000000, 0x00000000eab00000, 0x00000000eab00000)
  object space 699392K, 21% used [0x00000000c0000000,0x00000000c94bd340,0x00000000eab00000)
 Metaspace       used 171525K, capacity 176280K, committed 176472K, reserved 1206272K
  class space    used 19616K, capacity 20608K, committed 20608K, reserved 1048576K

Card table byte_map: [0x0000000011650000,0x0000000011860000] byte_map_base: 0x0000000011050000

Marking Bits: (ParMarkBitMap*) 0x00000000752d0600
 Begin Bits: [0x0000000011dc0000, 0x0000000012dc0000)
 End Bits:   [0x0000000012dc0000, 0x0000000013dc0000)

Polling page: 0x00000000008a0000

CodeCache: size=245760Kb used=74350Kb max_used=74459Kb free=171409Kb
 bounds [0x0000000002290000, 0x0000000006bd0000, 0x0000000011290000]
 total_blobs=23803 nmethods=22954 adapters=766
 compilation: enabled

Compilation events (10 events):
Event: 365.260 Thread 0x0000000015e61000 28789       2       java.lang.ThreadLocal::get (42 bytes)
Event: 365.261 Thread 0x0000000015e61000 nmethod 28789 0x0000000002d59010 code [0x0000000002d591a0, 0x0000000002d593c8]
Event: 365.269 Thread 0x0000000015e5e000 nmethod 28783 0x0000000003c50690 code [0x0000000003c50880, 0x0000000003c51390]
Event: 365.269 Thread 0x0000000015e5e000 28782       4       java.lang.Integer::<init> (10 bytes)
Event: 365.270 Thread 0x0000000015e5e000 nmethod 28782 0x0000000005391290 code [0x00000000053913c0, 0x0000000005391418]
Event: 365.270 Thread 0x0000000015e5e000 28768       4       java.util.ArrayList$Itr::next (86 bytes)
Event: 365.271 Thread 0x0000000015e61000 28790       2       java.lang.ThreadLocal$ThreadLocalMap::getEntry (57 bytes)
Event: 365.272 Thread 0x0000000015e61000 nmethod 28790 0x000000000601a650 code [0x000000000601a820, 0x000000000601aba8]
Event: 365.274 Thread 0x0000000015e5e000 nmethod 28768 0x0000000006019b90 code [0x0000000006019d20, 0x000000000601a0c8]
Event: 365.274 Thread 0x0000000015e5e000 28788       4       com.zeroturnaround.javarebel.euc::b (11 bytes)

GC Heap History (10 events):
Event: 139.536 GC heap before
{Heap before GC invocations=71 (full 4):
 PSYoungGen      total 262144K, used 223691K [0x00000000eab00000, 0x00000000ff780000, 0x0000000100000000)
  eden space 190976K, 100% used [0x00000000eab00000,0x00000000f6580000,0x00000000f6580000)
  from space 71168K, 45% used [0x00000000fb200000,0x00000000fd1f2fe8,0x00000000ff780000)
  to   space 74752K, 0% used [0x00000000f6580000,0x00000000f6580000,0x00000000fae80000)
 ParOldGen       total 673792K, used 141477K [0x00000000c0000000, 0x00000000e9200000, 0x00000000eab00000)
  object space 673792K, 20% used [0x00000000c0000000,0x00000000c8a29788,0x00000000e9200000)
 Metaspace       used 153148K, capacity 156584K, committed 157144K, reserved 1187840K
  class space    used 17645K, capacity 18408K, committed 18432K, reserved 1048576K
Event: 139.587 GC heap after
Heap after GC invocations=71 (full 4):
 PSYoungGen      total 265728K, used 31770K [0x00000000eab00000, 0x00000000ffd80000, 0x0000000100000000)
  eden space 190976K, 0% used [0x00000000eab00000,0x00000000eab00000,0x00000000f6580000)
  from space 74752K, 42% used [0x00000000f6580000,0x00000000f8486938,0x00000000fae80000)
  to   space 71680K, 0% used [0x00000000fb780000,0x00000000fb780000,0x00000000ffd80000)
 ParOldGen       total 673792K, used 147451K [0x00000000c0000000, 0x00000000e9200000, 0x00000000eab00000)
  object space 673792K, 21% used [0x00000000c0000000,0x00000000c8ffecd0,0x00000000e9200000)
 Metaspace       used 153148K, capacity 156584K, committed 157144K, reserved 1187840K
  class space    used 17645K, capacity 18408K, committed 18432K, reserved 1048576K
}
Event: 228.702 GC heap before
{Heap before GC invocations=72 (full 4):
 PSYoungGen      total 265728K, used 192387K [0x00000000eab00000, 0x00000000ffd80000, 0x0000000100000000)
  eden space 190976K, 84% used [0x00000000eab00000,0x00000000f47da448,0x00000000f6580000)
  from space 74752K, 42% used [0x00000000f6580000,0x00000000f8486938,0x00000000fae80000)
  to   space 71680K, 0% used [0x00000000fb780000,0x00000000fb780000,0x00000000ffd80000)
 ParOldGen       total 673792K, used 147451K [0x00000000c0000000, 0x00000000e9200000, 0x00000000eab00000)
  object space 673792K, 21% used [0x00000000c0000000,0x00000000c8ffecd0,0x00000000e9200000)
 Metaspace       used 159882K, capacity 163356K, committed 163968K, reserved 1193984K
  class space    used 18367K, capacity 19158K, committed 19200K, reserved 1048576K
Event: 228.752 GC heap after
Heap after GC invocations=72 (full 4):
 PSYoungGen      total 267776K, used 32933K [0x00000000eab00000, 0x00000000ff700000, 0x0000000100000000)
  eden space 202752K, 0% used [0x00000000eab00000,0x00000000eab00000,0x00000000f7100000)
  from space 65024K, 50% used [0x00000000fb780000,0x00000000fd7a9480,0x00000000ff700000)
  to   space 68608K, 0% used [0x00000000f7100000,0x00000000f7100000,0x00000000fb400000)
 ParOldGen       total 673792K, used 147459K [0x00000000c0000000, 0x00000000e9200000, 0x00000000eab00000)
  object space 673792K, 21% used [0x00000000c0000000,0x00000000c9000cd0,0x00000000e9200000)
 Metaspace       used 159882K, capacity 163356K, committed 163968K, reserved 1193984K
  class space    used 18367K, capacity 19158K, committed 19200K, reserved 1048576K
}
Event: 228.752 GC heap before
{Heap before GC invocations=73 (full 5):
 PSYoungGen      total 267776K, used 32933K [0x00000000eab00000, 0x00000000ff700000, 0x0000000100000000)
  eden space 202752K, 0% used [0x00000000eab00000,0x00000000eab00000,0x00000000f7100000)
  from space 65024K, 50% used [0x00000000fb780000,0x00000000fd7a9480,0x00000000ff700000)
  to   space 68608K, 0% used [0x00000000f7100000,0x00000000f7100000,0x00000000fb400000)
 ParOldGen       total 673792K, used 147459K [0x00000000c0000000, 0x00000000e9200000, 0x00000000eab00000)
  object space 673792K, 21% used [0x00000000c0000000,0x00000000c9000cd0,0x00000000e9200000)
 Metaspace       used 159882K, capacity 163356K, committed 163968K, reserved 1193984K
  class space    used 18367K, capacity 19158K, committed 19200K, reserved 1048576K
Event: 229.602 GC heap after
Heap after GC invocations=73 (full 5):
 PSYoungGen      total 267776K, used 0K [0x00000000eab00000, 0x00000000ff700000, 0x0000000100000000)
  eden space 202752K, 0% used [0x00000000eab00000,0x00000000eab00000,0x00000000f7100000)
  from space 65024K, 0% used [0x00000000fb780000,0x00000000fb780000,0x00000000ff700000)
  to   space 68608K, 0% used [0x00000000f7100000,0x00000000f7100000,0x00000000fb400000)
 ParOldGen       total 699392K, used 152292K [0x00000000c0000000, 0x00000000eab00000, 0x00000000eab00000)
  object space 699392K, 21% used [0x00000000c0000000,0x00000000c94b9340,0x00000000eab00000)
 Metaspace       used 159851K, capacity 163308K, committed 163968K, reserved 1193984K
  class space    used 18363K, capacity 19150K, committed 19200K, reserved 1048576K
}
Event: 233.048 GC heap before
{Heap before GC invocations=74 (full 5):
 PSYoungGen      total 267776K, used 202752K [0x00000000eab00000, 0x00000000ff700000, 0x0000000100000000)
  eden space 202752K, 100% used [0x00000000eab00000,0x00000000f7100000,0x00000000f7100000)
  from space 65024K, 0% used [0x00000000fb780000,0x00000000fb780000,0x00000000ff700000)
  to   space 68608K, 0% used [0x00000000f7100000,0x00000000f7100000,0x00000000fb400000)
 ParOldGen       total 699392K, used 152292K [0x00000000c0000000, 0x00000000eab00000, 0x00000000eab00000)
  object space 699392K, 21% used [0x00000000c0000000,0x00000000c94b9340,0x00000000eab00000)
 Metaspace       used 167479K, capacity 171078K, committed 171608K, reserved 1200128K
  class space    used 19241K, capacity 20029K, committed 20096K, reserved 1048576K
Event: 233.077 GC heap after
Heap after GC invocations=74 (full 5):
 PSYoungGen      total 271360K, used 10796K [0x00000000eab00000, 0x0000000100000000, 0x0000000100000000)
  eden space 202752K, 0% used [0x00000000eab00000,0x00000000eab00000,0x00000000f7100000)
  from space 68608K, 15% used [0x00000000f7100000,0x00000000f7b8b018,0x00000000fb400000)
  to   space 69632K, 0% used [0x00000000fbc00000,0x00000000fbc00000,0x0000000100000000)
 ParOldGen       total 699392K, used 152300K [0x00000000c0000000, 0x00000000eab00000, 0x00000000eab00000)
  object space 699392K, 21% used [0x00000000c0000000,0x00000000c94bb340,0x00000000eab00000)
 Metaspace       used 167479K, capacity 171078K, committed 171608K, reserved 1200128K
  class space    used 19241K, capacity 20029K, committed 20096K, reserved 1048576K
}
Event: 264.011 GC heap before
{Heap before GC invocations=75 (full 5):
 PSYoungGen      total 271360K, used 213548K [0x00000000eab00000, 0x0000000100000000, 0x0000000100000000)
  eden space 202752K, 100% used [0x00000000eab00000,0x00000000f7100000,0x00000000f7100000)
  from space 68608K, 15% used [0x00000000f7100000,0x00000000f7b8b018,0x00000000fb400000)
  to   space 69632K, 0% used [0x00000000fbc00000,0x00000000fbc00000,0x0000000100000000)
 ParOldGen       total 699392K, used 152300K [0x00000000c0000000, 0x00000000eab00000, 0x00000000eab00000)
  object space 699392K, 21% used [0x00000000c0000000,0x00000000c94bb340,0x00000000eab00000)
 Metaspace       used 169714K, capacity 173720K, committed 173912K, reserved 1202176K
  class space    used 19430K, capacity 20284K, committed 20352K, reserved 1048576K
Event: 264.065 GC heap after
Heap after GC invocations=75 (full 5):
 PSYoungGen      total 277504K, used 23077K [0x00000000eab00000, 0x00000000ffd00000, 0x0000000100000000)
  eden space 210944K, 0% used [0x00000000eab00000,0x00000000eab00000,0x00000000f7900000)
  from space 66560K, 34% used [0x00000000fbc00000,0x00000000fd289680,0x00000000ffd00000)
  to   space 67584K, 0% used [0x00000000f7900000,0x00000000f7900000,0x00000000fbb00000)
 ParOldGen       total 699392K, used 152308K [0x00000000c0000000, 0x00000000eab00000, 0x00000000eab00000)
  object space 699392K, 21% used [0x00000000c0000000,0x00000000c94bd340,0x00000000eab00000)
 Metaspace       used 169714K, capacity 173720K, committed 173912K, reserved 1202176K
  class space    used 19430K, capacity 20284K, committed 20352K, reserved 1048576K
}

Deoptimization events (10 events):
Event: 365.184 Thread 0x0000000018b0d800 Uncommon trap: reason=class_check action=maybe_recompile pc=0x00000000064d9390 method=com.zeroturnaround.jrebelbase.facade.f.ifAcmpInternal(Ljava/lang/Object;Ljava/lang/Object;)Z @ 30
Event: 365.184 Thread 0x0000000018b0d800 Uncommon trap: reason=class_check action=maybe_recompile pc=0x00000000064f3e48 method=com.zeroturnaround.jrebelbase.facade.f.compareObject(Lcom/zeroturnaround/jrebelbase/h;Lcom/zeroturnaround/jrebelbase/h;)Z @ 27
Event: 365.184 Thread 0x0000000018b0d800 Uncommon trap: reason=class_check action=maybe_recompile pc=0x00000000064d9390 method=com.zeroturnaround.jrebelbase.facade.f.ifAcmpInternal(Ljava/lang/Object;Ljava/lang/Object;)Z @ 30
Event: 365.184 Thread 0x0000000018b0d800 Uncommon trap: reason=class_check action=maybe_recompile pc=0x00000000064f3e48 method=com.zeroturnaround.jrebelbase.facade.f.compareObject(Lcom/zeroturnaround/jrebelbase/h;Lcom/zeroturnaround/jrebelbase/h;)Z @ 27
Event: 365.185 Thread 0x0000000018b0d800 Uncommon trap: reason=class_check action=maybe_recompile pc=0x00000000064d9390 method=com.zeroturnaround.jrebelbase.facade.f.ifAcmpInternal(Ljava/lang/Object;Ljava/lang/Object;)Z @ 30
Event: 365.185 Thread 0x0000000018b0d800 Uncommon trap: reason=class_check action=maybe_recompile pc=0x00000000064f3e48 method=com.zeroturnaround.jrebelbase.facade.f.compareObject(Lcom/zeroturnaround/jrebelbase/h;Lcom/zeroturnaround/jrebelbase/h;)Z @ 27
Event: 365.186 Thread 0x0000000018b0d800 Uncommon trap: reason=class_check action=maybe_recompile pc=0x00000000064d9390 method=com.zeroturnaround.jrebelbase.facade.f.ifAcmpInternal(Ljava/lang/Object;Ljava/lang/Object;)Z @ 30
Event: 365.186 Thread 0x0000000018b0d800 Uncommon trap: reason=class_check action=maybe_recompile pc=0x00000000064f3e48 method=com.zeroturnaround.jrebelbase.facade.f.compareObject(Lcom/zeroturnaround/jrebelbase/h;Lcom/zeroturnaround/jrebelbase/h;)Z @ 27
Event: 365.242 Thread 0x0000000015fba000 Uncommon trap: reason=unstable_if action=reinterpret pc=0x0000000006018d50 method=com.zeroturnaround.jrebelbase.facade.f.compareObject(Lcom/zeroturnaround/jrebelbase/h;Lcom/zeroturnaround/jrebelbase/h;)Z @ 43
Event: 365.274 Thread 0x0000000018b0d800 Uncommon trap: reason=bimorphic action=maybe_recompile pc=0x00000000063656e4 method=com.zeroturnaround.javarebel.elj.a(Lcom/zeroturnaround/javarebel/elk;[Lcom/zeroturnaround/javarebel/elg;I)V @ 750

Internal exceptions (10 events):
Event: 342.183 Thread 0x0000000033d19000 Exception <a 'sun/nio/fs/WindowsException'> (0x00000000f4fa4898) thrown at [D:\re\workspace\8-2-build-windows-amd64-cygwin\jdk8u77\6540\hotspot\src\share\vm\prims\jni.cpp, line 709]
Event: 342.183 Thread 0x0000000033d19000 Exception <a 'sun/nio/fs/WindowsException'> (0x00000000f4fa5630) thrown at [D:\re\workspace\8-2-build-windows-amd64-cygwin\jdk8u77\6540\hotspot\src\share\vm\prims\jni.cpp, line 709]
Event: 342.183 Thread 0x0000000033d19000 Exception <a 'sun/nio/fs/WindowsException'> (0x00000000f4fa6ec0) thrown at [D:\re\workspace\8-2-build-windows-amd64-cygwin\jdk8u77\6540\hotspot\src\share\vm\prims\jni.cpp, line 709]
Event: 342.186 Thread 0x0000000033d19000 Exception <a 'sun/nio/fs/WindowsException'> (0x00000000f4fbe2d8) thrown at [D:\re\workspace\8-2-build-windows-amd64-cygwin\jdk8u77\6540\hotspot\src\share\vm\prims\jni.cpp, line 709]
Event: 342.186 Thread 0x0000000033d19000 Exception <a 'sun/nio/fs/WindowsException'> (0x00000000f4fbf8d0) thrown at [D:\re\workspace\8-2-build-windows-amd64-cygwin\jdk8u77\6540\hotspot\src\share\vm\prims\jni.cpp, line 709]
Event: 342.187 Thread 0x0000000033d19000 Exception <a 'sun/nio/fs/WindowsException'> (0x00000000f4fc08a0) thrown at [D:\re\workspace\8-2-build-windows-amd64-cygwin\jdk8u77\6540\hotspot\src\share\vm\prims\jni.cpp, line 709]
Event: 342.187 Thread 0x0000000033d19000 Exception <a 'sun/nio/fs/WindowsException'> (0x00000000f4fc1638) thrown at [D:\re\workspace\8-2-build-windows-amd64-cygwin\jdk8u77\6540\hotspot\src\share\vm\prims\jni.cpp, line 709]
Event: 342.188 Thread 0x0000000033d19000 Exception <a 'sun/nio/fs/WindowsException'> (0x00000000f4fc2ec8) thrown at [D:\re\workspace\8-2-build-windows-amd64-cygwin\jdk8u77\6540\hotspot\src\share\vm\prims\jni.cpp, line 709]
Event: 363.462 Thread 0x0000000015e4c000 Implicit null exception at 0x000000000537b7b2 to 0x000000000537dbdd
Event: 363.761 Thread 0x0000000018b0d800 Implicit null exception at 0x0000000004a52594 to 0x0000000004a58043

Events (10 events):
Event: 365.272 loading class com/zeroturnaround/javarebel/rq
Event: 365.273 loading class com/zeroturnaround/javarebel/rq done
Event: 365.273 loading class com/zeroturnaround/javarebel/rr
Event: 365.273 loading class com/zeroturnaround/javarebel/rr done
Event: 365.274 Thread 0x0000000018b0d800 Uncommon trap: trap_request=0xffffffc6 fr.pc=0x00000000063656e4
Event: 365.274 Thread 0x0000000018b0d800 DEOPT PACKING pc=0x00000000063656e4 sp=0x0000000019ecea80
Event: 365.274 Thread 0x0000000018b0d800 DEOPT UNPACKING pc=0x00000000022d582a sp=0x0000000019ecea68 mode 2
Event: 365.274 loading class com/zeroturnaround/javarebel/rs
Event: 365.274 loading class com/zeroturnaround/javarebel/rs done
Event: 365.274 Executing VM operation: Deoptimize


Dynamic libraries:
0x00007ff626e40000 - 0x00007ff626e77000 	C:\Program Files\Java\jdk1.8.0_77\bin\java.exe
0x00007ff900ee0000 - 0x00007ff9010b1000 	C:\WINDOWS\SYSTEM32\ntdll.dll
0x00007ff8fffe0000 - 0x00007ff90008b000 	C:\WINDOWS\System32\KERNEL32.DLL
0x00007ff8dc980000 - 0x00007ff8dc9b3000 	C:\Program Files (x86)\AVG\Antivirus\x64\aswhooka.dll
0x00007ff8fd6c0000 - 0x00007ff8fd8dd000 	C:\WINDOWS\System32\KERNELBASE.dll
0x00007ff900860000 - 0x00007ff900902000 	C:\WINDOWS\System32\ADVAPI32.dll
0x00007ff900270000 - 0x00007ff90030e000 	C:\WINDOWS\System32\msvcrt.dll
0x00007ff9007a0000 - 0x00007ff9007f9000 	C:\WINDOWS\System32\sechost.dll
0x00007ff900d50000 - 0x00007ff900e71000 	C:\WINDOWS\System32\RPCRT4.dll
0x00007ff900100000 - 0x00007ff900265000 	C:\WINDOWS\System32\USER32.dll
0x00007ff8fe450000 - 0x00007ff8fe46e000 	C:\WINDOWS\System32\win32u.dll
0x00007ff900760000 - 0x00007ff900794000 	C:\WINDOWS\System32\GDI32.dll
0x00007ff8fd530000 - 0x00007ff8fd6b2000 	C:\WINDOWS\System32\gdi32full.dll
0x00007ff8f21e0000 - 0x00007ff8f245a000 	C:\WINDOWS\WinSxS\amd64_microsoft.windows.common-controls_6595b64144ccf1df_6.0.14393.953_none_42151e83c686086b\COMCTL32.dll
0x00007ff8ffd10000 - 0x00007ff8fffd8000 	C:\WINDOWS\System32\combase.dll
0x00007ff8fd430000 - 0x00007ff8fd525000 	C:\WINDOWS\System32\ucrtbase.dll
0x00007ff8fd990000 - 0x00007ff8fd9fa000 	C:\WINDOWS\System32\bcryptPrimitives.dll
0x00007ff8ffb40000 - 0x00007ff8ffb6e000 	C:\WINDOWS\System32\IMM32.DLL
0x00000000765b0000 - 0x0000000076682000 	C:\Program Files\Java\jdk1.8.0_77\jre\bin\msvcr100.dll
0x0000000074ac0000 - 0x0000000075350000 	C:\Program Files\Java\jdk1.8.0_77\jre\bin\server\jvm.dll
0x00007ff8fe610000 - 0x00007ff8fe618000 	C:\WINDOWS\System32\PSAPI.DLL
0x00007ff8f9a70000 - 0x00007ff8f9a79000 	C:\WINDOWS\SYSTEM32\WSOCK32.dll
0x00007ff900470000 - 0x00007ff9004da000 	C:\WINDOWS\System32\WS2_32.dll
0x00007ff8fbc90000 - 0x00007ff8fbcb3000 	C:\WINDOWS\SYSTEM32\WINMM.dll
0x00007ff8fb880000 - 0x00007ff8fb88a000 	C:\WINDOWS\SYSTEM32\VERSION.dll
0x00007ff8fbc30000 - 0x00007ff8fbc5b000 	C:\WINDOWS\SYSTEM32\WINMMBASE.dll
0x00007ff8fdab0000 - 0x00007ff8fdaf2000 	C:\WINDOWS\System32\cfgmgr32.dll
0x00000000765a0000 - 0x00000000765af000 	C:\Program Files\Java\jdk1.8.0_77\jre\bin\verify.dll
0x0000000076570000 - 0x0000000076599000 	C:\Program Files\Java\jdk1.8.0_77\jre\bin\java.dll
0x0000000074a80000 - 0x0000000074ab5000 	C:\Program Files\Java\jdk1.8.0_77\jre\bin\jdwp.dll
0x00007ff8e29f0000 - 0x00007ff8e2a26000 	D:\Bojan\Documents\jrebel-7.0.6-nosetup\jrebel\lib\jrebel64.dll
0x00007ff8fe620000 - 0x00007ff8ffb28000 	C:\WINDOWS\System32\SHELL32.dll
0x00007ff8fdb00000 - 0x00007ff8fe1da000 	C:\WINDOWS\System32\windows.storage.dll
0x00007ff8fd380000 - 0x00007ff8fd3cc000 	C:\WINDOWS\System32\powrprof.dll
0x00007ff900e80000 - 0x00007ff900ed2000 	C:\WINDOWS\System32\shlwapi.dll
0x00007ff8fd340000 - 0x00007ff8fd34f000 	C:\WINDOWS\System32\kernel.appcore.dll
0x00007ff8fda00000 - 0x00007ff8fdaa9000 	C:\WINDOWS\System32\shcore.dll
0x00007ff8fd350000 - 0x00007ff8fd364000 	C:\WINDOWS\System32\profapi.dll
0x00007ff8fcb10000 - 0x00007ff8fcb1b000 	C:\WINDOWS\SYSTEM32\CRYPTBASE.DLL
0x0000000076560000 - 0x0000000076568000 	C:\Program Files\Java\jdk1.8.0_77\jre\bin\npt.dll
0x0000000074a60000 - 0x0000000074a76000 	C:\Program Files\Java\jdk1.8.0_77\jre\bin\zip.dll
0x0000000074a50000 - 0x0000000074a5d000 	C:\Program Files\Java\jdk1.8.0_77\jre\bin\management.dll
0x0000000074a40000 - 0x0000000074a49000 	C:\Program Files\Java\jdk1.8.0_77\jre\bin\dt_socket.dll
0x00007ff8fc970000 - 0x00007ff8fc9cc000 	C:\WINDOWS\system32\mswsock.dll
0x0000000074a20000 - 0x0000000074a3a000 	C:\Program Files\Java\jdk1.8.0_77\jre\bin\net.dll
0x00007ff8e4630000 - 0x00007ff8e4646000 	C:\WINDOWS\system32\napinsp.dll
0x0000000074a00000 - 0x0000000074a11000 	C:\Program Files\Java\jdk1.8.0_77\jre\bin\nio.dll
0x00007ff8e44f0000 - 0x00007ff8e450a000 	C:\WINDOWS\system32\pnrpnsp.dll
0x00007ff8fa850000 - 0x00007ff8fa868000 	C:\WINDOWS\system32\NLAapi.dll
0x00007ff8fc730000 - 0x00007ff8fc7d1000 	C:\WINDOWS\SYSTEM32\DNSAPI.dll
0x00007ff900910000 - 0x00007ff900918000 	C:\WINDOWS\System32\NSI.dll
0x00007ff8fc6f0000 - 0x00007ff8fc728000 	C:\WINDOWS\SYSTEM32\IPHLPAPI.DLL
0x00007ff8e55b0000 - 0x00007ff8e55be000 	C:\WINDOWS\System32\winrnr.dll
0x00007ff8e55c0000 - 0x00007ff8e55d5000 	C:\WINDOWS\System32\wshbth.dll
0x00007ff8ef210000 - 0x00007ff8ef21a000 	C:\Windows\System32\rasadhlp.dll
0x00007ff8f5680000 - 0x00007ff8f56ea000 	C:\WINDOWS\System32\fwpuclnt.dll
0x00007ff8fcf70000 - 0x00007ff8fcf9b000 	C:\WINDOWS\SYSTEM32\bcrypt.dll
0x00007ff8f5660000 - 0x00007ff8f5676000 	C:\WINDOWS\SYSTEM32\dhcpcsvc6.DLL
0x00007ff8f5640000 - 0x00007ff8f565a000 	C:\WINDOWS\SYSTEM32\dhcpcsvc.DLL
0x00000000749d0000 - 0x00000000749f4000 	C:\Program Files\Java\jdk1.8.0_77\jre\bin\sunec.dll
0x00000000749c0000 - 0x00000000749cb000 	C:\Program Files\Java\jdk1.8.0_77\jre\bin\sunmscapi.dll
0x00007ff8fe1e0000 - 0x00007ff8fe3a9000 	C:\WINDOWS\System32\CRYPT32.dll
0x00007ff8fd370000 - 0x00007ff8fd380000 	C:\WINDOWS\System32\MSASN1.dll
0x00007ff8fcf10000 - 0x00007ff8fcf20000 	C:\Users\Bojan\AppData\Local\Temp\jrebel-temp\ver-f7370da0\IdeaWin64.dll
0x00007ff8fcfa0000 - 0x00007ff8fcfb7000 	C:\WINDOWS\SYSTEM32\CRYPTSP.dll
0x00007ff8fc570000 - 0x00007ff8fc5a3000 	C:\WINDOWS\system32\rsaenh.dll
0x00007ff8fc7f0000 - 0x00007ff8fc80f000 	C:\WINDOWS\SYSTEM32\USERENV.dll
0x00007ff8fcd70000 - 0x00007ff8fcf02000 	C:\WINDOWS\SYSTEM32\dbghelp.dll

VM Arguments:
jvm_args: -Xmx1024m -Xms512m -Xdebug -Xnoagent -Djava.compiler=NONE -Xrunjdwp:transport=dt_socket,address=8081,server=y,suspend=n -agentpath:D:\Bojan\Documents\jrebel-7.0.6-nosetup\jrebel\lib\jrebel64.dll -Dclassworlds.conf=D:\apache-maven-3.3.9\bin\m2.conf -Dmaven.home=D:\apache-maven-3.3.9 -Dmaven.multiModuleProjectDirectory=D:\Bojan\Documents\ProSolo Workspace\prosolo-multimodule\prosolo-main 
java_command: org.codehaus.plexus.classworlds.launcher.Launcher jetty:run
java_class_path (initial): D:\apache-maven-3.3.9\boot\plexus-classworlds-2.5.2.jar
Launcher Type: SUN_STANDARD

Environment Variables:
JAVA_HOME=C:\Program Files\Java\jdk1.8.0_77
PATH=C:/Program Files/Java/jre1.8.0_77/bin/server;C:/Program Files/Java/jre1.8.0_77/bin;C:/Program Files/Java/jre1.8.0_77/lib/amd64;C:\ProgramData\Oracle\Java\javapath;C:\Program Files (x86)\Intel\iCLS Client\;C:\Program Files\Intel\iCLS Client\;C:\Windows\system32;C:\Windows;C:\Windows\System32\Wbem;C:\Windows\System32\WindowsPowerShell\v1.0\;C:\Program Files (x86)\NVIDIA Corporation\PhysX\Common;C:\Program Files (x86)\Intel\Intel(R) Management Engine Components\DAL;C:\Program Files\Intel\Intel(R) Management Engine Components\DAL;C:\Program Files (x86)\Intel\Intel(R) Management Engine Components\IPT;C:\Program Files\Intel\Intel(R) Management Engine Components\IPT;C:\Program Files (x86)\Skype\Phone\;D:\Program Files\nodejs\;D:\sqllite;C:\Ruby23-x64\bin;D:\Program Files\Git\cmd;C:\WINDOWS\system32;C:\WINDOWS;C:\WINDOWS\System32\Wbem;C:\WINDOWS\System32\WindowsPowerShell\v1.0\;D:\apache-maven-3.3.9\bin;D:\Program Files\TortoiseGit\bin;C:\Ruby23-x64\bin;C:\Users\Bojan\AppData\Roaming\npm;D:\Program Files\Git\bin;D:\Bojan\Desktop\Programs\eclipse neon;
USERNAME=Bojan
OS=Windows_NT
PROCESSOR_IDENTIFIER=Intel64 Family 6 Model 61 Stepping 4, GenuineIntel



---------------  S Y S T E M  ---------------

OS: Windows 10.0 , 64 bit Build 14393 (10.0.14393.0)

CPU:total 4 (2 cores per cpu, 2 threads per core) family 6 model 61 stepping 4, cmov, cx8, fxsr, mmx, sse, sse2, sse3, ssse3, sse4.1, sse4.2, popcnt, avx, avx2, aes, clmul, erms, 3dnowpref, lzcnt, ht, tsc, tscinvbit, bmi1, bmi2, adx

Memory: 4k page, physical 12482976k(4419368k free), swap 14383520k(2918132k free)

vm_info: Java HotSpot(TM) 64-Bit Server VM (25.77-b03) for windows-amd64 JRE (1.8.0_77-b03), built on Mar 20 2016 22:01:33 by "java_re" with MS VC++ 10.0 (VS2010)

time: Wed May 03 13:23:35 2017
elapsed time: 365 seconds (0d 0h 6m 5s)

